4.762983e-02 8.155628e-03 4.762983e-01
3.164427e-02 2.138384e-02 3.164427e-01
1.331593e-01 2.138531e-02 1.331593e+00
4.927840e-02 2.279221e-02 4.927840e-01
2.245481e-01 1.651597e-01 2.335711e+00
6.888988e-02 4.512427e-02 6.888988e-01
1.935255e-01 1.446506e-01 2.045669e+00
9.027870e-02 8.587497e-02 1.214456e+00
9.976204e-02 7.506404e-02 1.061566e+00
4.000343e-02 3.564239e-02 5.040595e-01
2.127357e-02 1.673515e-02 2.366708e-01
3.373863e-02 3.714920e-02 5.253690e-01
1.643622e-02 1.331349e-02 1.882812e-01
1.645764e-01 1.043053e-01 1.645764e+00
3.388237e-02 2.280454e-02 3.388237e-01
6.799922e-02 5.222489e-02 7.385715e-01
5.883831e-02 5.070928e-02 7.171375e-01
1.755566e-02 1.193285e-02 1.755566e-01
5.262880e-02 3.977185e-02 5.624590e-01
5.428595e-02 2.406114e-02 5.428595e-01
8.104181e-02 7.131991e-02 1.008616e+00
5.386568e-02 1.877850e-02 5.386568e-01
4.834741e-02 3.657850e-02 5.172981e-01
7.390908e-02 5.700208e-02 8.061312e-01
1.121147e-01 9.316692e-02 1.317579e+00
2.863088e-02 4.090294e-02 5.784549e-01
4.505921e-02 3.098523e-02 4.505921e-01
3.322936e-02 3.541839e-02 5.008916e-01
3.333321e-02 1.869244e-02 3.333321e-01
5.499289e-03 2.380210e-02 3.366126e-01
