3.337482e-04 9.643914e-05 5.275142e-03
5.721288e-03 4.347858e-04 5.721288e-02
2.488370e-04 9.570512e-05 5.234991e-03
5.363873e-04 9.216746e-05 5.363873e-03
2.936991e-04 1.091646e-04 5.971216e-03
4.176368e-04 1.047378e-04 5.729072e-03
5.734466e-04 8.657646e-05 5.734466e-03
8.811764e-04 1.495101e-04 8.811764e-03
6.075794e-04 1.229142e-04 6.723306e-03
9.056503e-04 1.120344e-04 9.056503e-03
9.501281e-04 9.523712e-05 9.501281e-03
3.108398e-04 9.588960e-05 5.245082e-03
6.607791e-04 9.235128e-05 6.607791e-03
5.873288e-04 1.029191e-04 5.873288e-03
4.720226e-04 9.527929e-05 5.211699e-03
7.435873e-04 9.548537e-05 7.435873e-03
8.844458e-04 1.445588e-04 8.844458e-03
9.651764e-04 1.376833e-04 9.651764e-03
4.813150e-04 9.611018e-05 5.257148e-03
7.480175e-04 1.032851e-04 7.480175e-03
5.638616e-04 9.897917e-05 5.638616e-03
7.842590e-03 1.423620e-03 7.842590e-02
7.823317e-04 1.817551e-04 9.941855e-03
9.853849e-04 9.201530e-05 9.853849e-03
3.758042e-04 9.353035e-05 5.116033e-03
4.129259e-04 9.011292e-05 4.929102e-03
1.319121e-03 1.056077e-04 1.319121e-02
2.017788e-03 1.082828e-04 2.017788e-02
3.560212e-03 3.566915e-04 3.560212e-02
3.189717e-03 2.949473e-04 3.189717e-02
