1.684077e-03 4.361012e-04 2.385437e-02
1.200017e-03 3.007283e-04 1.644959e-02
1.418456e-03 3.416559e-04 1.868830e-02
1.822520e-03 4.825659e-04 2.639596e-02
2.155972e-03 4.555791e-04 2.491980e-02
1.495933e-03 4.065727e-04 2.223919e-02
1.750435e-03 4.368543e-04 2.389557e-02
1.783456e-03 4.631630e-04 2.533463e-02
1.485259e-03 3.850378e-04 2.106125e-02
1.619177e-03 4.229468e-04 2.313484e-02
2.010663e-03 4.886637e-04 2.672950e-02
1.506643e-03 3.965223e-04 2.168944e-02
1.469411e-03 3.872486e-04 2.118218e-02
1.426009e-03 3.600148e-04 1.969252e-02
1.414493e-03 3.370435e-04 1.843600e-02
1.865249e-03 4.726475e-04 2.585343e-02
1.653482e-03 4.410459e-04 2.412485e-02
1.745827e-03 4.274324e-04 2.338020e-02
1.723350e-03 4.693187e-04 2.567134e-02
1.498119e-03 3.820012e-04 2.089515e-02
1.188096e-03 3.061511e-04 1.674621e-02
2.096670e-03 5.306757e-04 2.902752e-02
1.474752e-03 3.624342e-04 1.982485e-02
1.966590e-03 4.909359e-04 2.685379e-02
1.928888e-03 4.875341e-04 2.666772e-02
1.666144e-03 3.834986e-04 2.097706e-02
1.670440e-03 4.086663e-04 2.235371e-02
1.749310e-03 4.521264e-04 2.473094e-02
1.437919e-03 3.536389e-04 1.934376e-02
1.673124e-03 3.896499e-04 2.131353e-02
