G_# I_# Binary|Real_x Constr._violation Fitness P1 P2 Cross-site
0 1 23.88128  0.00000 -0.10269 0 0
0 2 15.31860  0.00000  0.09979 0 0
0 3 20.73250  0.00000  0.13657 0 0
0 4 12.16439  0.00000 -0.16310 0 0
0 5 26.90519  0.00000  0.08349 0 0
0 6 27.15299  0.00000  0.07536 0 0
1 1 16.10557  0.00000 -0.09208 2 3
1 2 19.94553  0.00000  0.13790 2 3
1 3 20.16895  0.00000  0.14687 5 3
1 4 27.43800  0.00000  0.06081 5 3
1 5 15.86363  0.00000 -0.03800 2 1
1 6 22.58633  0.00000 -0.06779 2 1
2 1 20.36262  0.00000  0.14852 4 2
2 2 27.33407  0.00000  0.06669 4 2
2 3 19.34495  0.00000  0.07836 3 2
2 4 20.01194  0.00000  0.14136 3 2
2 5 21.20542  0.00000  0.09703 3 4
2 6 27.43800  0.00000  0.06081 3 4
3 1 19.27449  0.00000  0.06845 2 4
3 2 28.22137  0.00000  0.00410 2 4
3 3 21.74742  0.00000  0.03147 1 4
3 4 20.01194  0.00000  0.14136 1 4
3 5 21.14443  0.00000  0.10336 3 1
3 6 20.38933  0.00000  0.14831 3 1
4 1 20.14223  0.00000  0.14620 5 6
4 2 22.07099  0.00000 -0.01010 5 6
4 3 20.01194  0.00000  0.14136 4 5
4 4 21.14443  0.00000  0.10336 4 5
4 5 20.80153  0.00000  0.13233 6 4
4 6 20.46746  0.00000  0.14709 6 4
5 1 22.89477  0.00000 -0.09245 4 1
5 2 21.33774  0.00000  0.08236 4 1
5 3 20.46746  0.00000  0.14709 6 6
5 4 20.46746  0.00000  0.14709 6 6
5 5 20.28171  0.00000  0.14852 5 1
5 6 18.39321  0.00000 -0.08035 5 1
6 1 20.21758  0.00000  0.14782 2 5
6 2 21.40187  0.00000  0.07485 2 5
6 3 19.46736  0.00000  0.09428 4 2
6 4 21.24147  0.00000  0.09316 4 2
6 5 20.28171  0.00000  0.14852 5 4
6 6 20.46746  0.00000  0.14709 5 4
7 1 20.10313  0.00000  0.14502 4 5
7 2 20.28171  0.00000  0.14852 4 5
7 3 16.57661  0.00000 -0.17138 1 6
7 4 20.44250  0.00000  0.14757 1 6
7 5 20.28171  0.00000  0.14852 5 1
7 6 20.21758  0.00000  0.14782 5 1
8 1 20.60975  0.00000  0.14263 2 5
8 2 20.28171  0.00000  0.14852 2 5
8 3 21.05930  0.00000  0.11165 6 2
8 4 15.02276  0.00000  0.17297 6 2
8 5 20.21698  0.00000  0.14781 4 5
8 6 20.50723  0.00000  0.14613 4 5
9 1 19.51457  0.00000  0.09995 2 6
9 2 20.48527  0.00000  0.14668 2 6
9 3 15.02276  0.00000  0.17297 4 5
9 4 22.67984  0.00000 -0.07621 4 5
9 5 20.28171  0.00000  0.14852 2 4
9 6 15.02276  0.00000  0.17297 2 4
10 1 14.11848  0.00000  0.30941 3 6
10 2 15.02276  0.00000  0.17297 3 6
10 3 20.28052  0.00000  0.14851 5 2
10 4 20.99185  0.00000  0.11774 5 2
10 5 16.47005  0.00000 -0.15700 3 6
10 6 15.02276  0.00000  0.17297 3 6
11 1 14.37697  0.00000  0.28989 3 1
11 2 19.98690  0.00000  0.14013 3 1
11 3 14.06254  0.00000  0.31106 2 6
11 4 15.02276  0.00000  0.17297 2 6
11 5 17.84342  0.00000 -0.16367 1 2
11 6 15.04255  0.00000  0.16830 1 2
12 1 14.06254  0.00000  0.31106 3 2
12 2 18.28534  0.00000 -0.09866 3 2
12 3 14.11632  0.00000  0.30949 1 3
12 4 14.32319  0.00000  0.29549 1 3
12 5 16.21621  0.00000 -0.11415 6 1
12 6 15.94937  0.00000 -0.05797 6 1
13 1 15.43545  0.00000  0.06968 1 3
13 2 16.64148  0.00000 -0.17902 1 3
13 3 12.74549  0.00000  0.06765 4 2
13 4 19.86304  0.00000  0.13269 4 2
13 5 14.04680  0.00000  0.31135 4 1
13 6  9.91058  0.00000 -0.29324 4 1
14 1 13.80802  0.00000  0.30616 5 1
14 2 15.67424  0.00000  0.00847 5 1
14 3 16.50968  0.00000 -0.16261 4 2
14 4 18.48428  0.00000 -0.06449 4 2
14 5 13.61137  0.00000  0.28797 5 4
14 6 22.94194  0.00000 -0.09538 5 4
15 1 18.77973  0.00000 -0.01220 4 1
15 2 13.80802  0.00000  0.30616 4 1
15 3 13.61137  0.00000  0.28797 5 2
15 4 15.67424  0.00000  0.00847 5 2
15 5 13.21069  0.00000  0.21230 5 1
15 6 13.73452  0.00000  0.30085 5 1
16 1 16.14178  0.00000 -0.09951 2 6
16 2 12.25610  0.00000 -0.12538 2 6
16 3 13.76148  0.00000  0.30301 4 2
16 4 15.57433  0.00000  0.03388 4 2
16 5 11.93268  0.00000 -0.25652 6 3
16 6 13.75404  0.00000  0.30244 6 3
17 1 15.57433  0.00000  0.03388 4 2
17 2 12.02177  0.00000 -0.22112 4 2
17 3 13.76148  0.00000  0.30301 3 3
17 4 11.61656  0.00000 -0.37177 3 3
17 5 13.57010  0.00000  0.28255 6 4
17 6 15.75828  0.00000 -0.01249 6 4
18 1 13.60546  0.00000  0.28723 3 1
18 2 17.20749  0.00000 -0.20780 3 1
18 3 15.98376  0.00000 -0.06575 5 5
18 4 13.57010  0.00000  0.28255 5 5
18 5 13.15465  0.00000  0.19782 3 6
18 6 16.36511  0.00000 -0.14070 3 6
19 1 13.57552  0.00000  0.28329 1 4
19 2 13.60004  0.00000  0.28654 1 4
19 3 13.05094  0.00000  0.16870 5 1
19 4 16.77171  0.00000 -0.19170 5 1
19 5 13.04291  0.00000  0.16633 5 3
19 6 17.78455  0.00000 -0.17061 5 3
20 1 12.98673  0.00000  0.14926 2 6
20 2 17.02857  0.00000 -0.20610 2 6
20 3 12.86610  0.00000  0.11003 3 2
20 4 13.21988  0.00000  0.21459 3 2
20 5 13.20053  0.00000  0.20974 6 1
20 6 18.15954  0.00000 -0.11907 6 1
21 1 12.36599  0.00000 -0.08029 5 6
21 2 18.99408  0.00000  0.02462 5 6
21 3  8.70844  0.00000  0.53410 4 6
21 4 22.67098  0.00000 -0.07545 4 6
21 5 13.20173  0.00000  0.21005 5 4
21 6 14.24497  0.00000  0.30222 5 4
22 1 13.20173  0.00000  0.21005 5 3
22 2  8.70844  0.00000  0.53410 5 3
22 3 14.24497  0.00000  0.30222 6 6
22 4 17.65195  0.00000 -0.18434 6 6
22 5  8.70844  0.00000  0.53410 3 5
22 6 13.20173  0.00000  0.21005 3 5
23 1  8.59526  0.00000  0.61587 3 5
23 2 14.13196  0.00000  0.30887 3 5
23 3  8.70844  0.00000  0.53410 2 2
23 4  8.70844  0.00000  0.53410 2 2
23 5  7.86452  0.00000  0.99727 3 5
23 6 15.08889  0.00000  0.15722 3 5
24 1  7.86913  0.00000  0.99604 1 5
24 2  6.98680  0.00000  0.81755 1 5
24 3  7.81990  0.00000  1.00815 3 5
24 4  8.75306  0.00000  0.50105 3 5
24 5  7.80363  0.00000  1.01166 1 4
24 6  8.70960  0.00000  0.53324 1 4
25 1  7.82343  0.00000  1.00735 3 1
25 2  7.86560  0.00000  0.99698 3 1
25 3  7.78188  0.00000  1.01597 5 1
25 4  6.32535  0.00000  0.06500 5 1
25 5  7.80203  0.00000  1.01199 5 3
25 6  7.82149  0.00000  1.00779 5 3
26 1  6.90450  0.00000  0.75321 3 5
26 2  7.80937  0.00000  1.01045 3 5
26 3  7.82149  0.00000  1.00779 6 2
26 4  9.42939  0.00000 -0.00320 6 2
26 5  7.78086  0.00000  1.01616 5 3
26 6  7.80305  0.00000  1.01178 5 3
27 1  7.96043  0.00000  0.96792 6 3
27 2  7.81932  0.00000  1.00828 6 3
27 3  7.79014  0.00000  1.01439 5 3
27 4  7.81221  0.00000  1.00984 5 3
27 5  7.78086  0.00000  1.01616 5 6
27 6  7.80305  0.00000  1.01178 5 6
28 1  7.78071  0.00000  1.01619 5 3
28 2  7.79030  0.00000  1.01436 5 3
28 3  7.81932  0.00000  1.00828 2 3
28 4  7.79014  0.00000  1.01439 2 3
28 5  7.76907  0.00000  1.01830 6 5
28 6  7.81484  0.00000  1.00927 6 5
29 1  7.76807  0.00000  1.01847 5 1
29 2  8.98576  0.00000  0.32472 5 1
29 3  7.79010  0.00000  1.01440 4 2
29 4  7.79035  0.00000  1.01435 4 2
29 5  7.76429  0.00000  1.01912 4 5
29 6  7.79492  0.00000  1.01344 4 5
30 1  7.79492  0.00000  1.01344 6 3
30 2  7.79010  0.00000  1.01440 6 3
30 3  7.76429  0.00000  1.01912 5 5
30 4  7.76429  0.00000  1.01912 5 5
30 5  7.79008  0.00000  1.01440 3 4
30 6  7.79036  0.00000  1.01434 3 4
31 1  7.76511  0.00000  1.01898 6 4
31 2  7.78955  0.00000  1.01450 6 4
31 3  7.76266  0.00000  1.01940 3 2
31 4  8.25294  0.00000  0.83453 3 2
31 5  7.76429  0.00000  1.01912 3 4
31 6  7.76429  0.00000  1.01912 3 4
32 1  7.86114  0.00000  0.99815 6 1
32 2  7.76537  0.00000  1.01894 6 1
32 3  7.76274  0.00000  1.01939 3 1
32 4  7.76503  0.00000  1.01900 3 1
32 5  7.76286  0.00000  1.01937 6 3
32 6  7.06537  0.00000  0.87095 6 3
33 1  7.08724  0.00000  0.88443 4 3
33 2  7.76559  0.00000  1.01890 4 3
33 3  7.76116  0.00000  1.01965 5 4
33 4  7.76673  0.00000  1.01870 5 4
33 5  7.17129  0.00000  0.93063 3 1
33 6  7.85860  0.00000  0.99882 3 1
34 1  7.61718  0.00000  1.03347 6 4
34 2  7.85967  0.00000  0.99854 6 4
34 3  7.49976  0.00000  1.02861 3 2
34 4  7.76471  0.00000  1.01905 3 2
34 5  7.76089  0.00000  1.01970 3 4
34 6  9.03111  0.00000  0.29010 3 4
35 1  7.49754  0.00000  1.02837 3 1
35 2  7.61941  0.00000  1.03342 3 1
35 3  7.85967  0.00000  0.99854 2 3
35 4  7.49976  0.00000  1.02861 2 3
35 5  7.51382  0.00000  1.02999 1 5
35 6  7.86425  0.00000  0.99734 1 5
36 1  8.64822  0.00000  0.57801 5 2
36 2  7.63492  0.00000  1.03292 5 2
36 3  7.49754  0.00000  1.02837 1 1
36 4  7.49754  0.00000  1.02837 1 1
36 5  6.39490  0.00000  0.16816 5 2
36 6  7.60760  0.00000  1.03363 5 2
37 1  7.60890  0.00000  1.03362 2 6
37 2  7.66779  0.00000  1.03102 2 6
37 3  7.48773  0.00000  1.02725 3 1
37 4  8.65803  0.00000  0.57092 3 1
37 5  7.28043  0.00000  0.97754 2 6
37 6  7.86088  0.00000  0.99822 2 6
38 1  8.43468  0.00000  0.72492 1 6
38 2  7.88186  0.00000  0.99255 1 6
38 3  7.49598  0.00000  1.02820 3 1
38 4  7.60065  0.00000  1.03369 3 1
38 5  6.54076  0.00000  0.36730 2 3
38 6  7.66564  0.00000  1.03118 2 3
39 1  8.07216  0.00000  0.92423 6 2
39 2  7.88088  0.00000  0.99283 6 2
39 3  7.38801  0.00000  1.00963 4 3
39 4  7.63049  0.00000  1.03309 4 3
39 5  8.58455  0.00000  0.62342 4 6
39 6  7.36957  0.00000  1.00511 4 6
40 1  7.37785  0.00000  1.00719 4 6
40 2  7.64834  0.00000  1.03228 4 6
40 3  8.39548  0.00000  0.74996 3 4
40 4  7.63049  0.00000  1.03309 3 4
40 5  7.40354  0.00000  1.01313 3 1
40 6  8.05664  0.00000  0.93088 3 1
41 1  7.63546  0.00000  1.03290 2 4
41 2  6.32968  0.00000  0.07155 2 4
41 3  7.47292  0.00000  1.02535 6 1
41 4  8.76530  0.00000  0.49192 6 1
41 5  7.62650  0.00000  1.03322 4 2
41 6  7.65233  0.00000  1.03205 4 2
42 1  7.68074  0.00000  1.02997 5 4
42 2  8.71105  0.00000  0.53217 5 4
42 3  7.63546  0.00000  1.03290 1 1
42 4  7.63546  0.00000  1.03290 1 1
42 5  7.46043  0.00000  1.02356 5 3
42 6  7.63899  0.00000  1.03274 5 3
43 1  8.38790  0.00000  0.75472 6 3
43 2  7.63838  0.00000  1.03277 6 3
43 3  7.63588  0.00000  1.03288 4 6
43 4  7.63857  0.00000  1.03276 4 6
43 5  8.02252  0.00000  0.94485 4 3
43 6  7.66607  0.00000  1.03115 4 3
44 1  7.80269  0.00000  1.01186 3 2
44 2  8.97396  0.00000  0.33373 3 2
44 3  7.63857  0.00000  1.03276 4 4
44 4  7.63857  0.00000  1.03276 4 4
44 5  7.63875  0.00000  1.03275 3 6
44 6  6.71525  0.00000  0.57280 3 6
45 1  7.94784  0.00000  0.97222 5 4
45 2  7.63875  0.00000  1.03275 5 4
45 3  7.63863  0.00000  1.03276 3 5
45 4  7.34031  0.00000  0.99711 3 5
45 5  7.63857  0.00000  1.03276 4 3
45 6  7.63857  0.00000  1.03276 4 3
46 1  7.63855  0.00000  1.03276 6 2
46 2  6.64978  0.00000  0.50001 6 2
46 3  7.72291  0.00000  1.02536 5 6
46 4  8.15546  0.00000  0.88560 5 6
46 5  7.63856  0.00000  1.03276 2 5
46 6  7.63877  0.00000  1.03275 2 5
47 1  8.37009  0.00000  0.76579 5 1
47 2  7.63856  0.00000  1.03276 5 1
47 3  7.61159  0.00000  1.03358 6 1
47 4  6.97070  0.00000  0.80564 6 1
47 5  6.97752  0.00000  0.81073 4 5
47 6  7.63856  0.00000  1.03276 4 5
48 1  6.84875  0.00000  0.70475 3 5
48 2  7.74036  0.00000  1.02294 3 5
48 3  7.61022  0.00000  1.03360 6 3
48 4  7.63993  0.00000  1.03270 6 3
48 5  7.63856  0.00000  1.03276 6 2
48 6  7.63856  0.00000  1.03276 6 2
49 1  7.64899  0.00000  1.03224 3 2
49 2  7.70159  0.00000  1.02791 3 2
49 3  7.63856  0.00000  1.03276 5 5
49 4  7.63856  0.00000  1.03276 5 5
49 5  7.61022  0.00000  1.03360 3 6
49 6  7.63856  0.00000  1.03276 3 6
50 1  7.60324  0.00000  1.03368 3 5
50 2  8.49557  0.00000  0.68471 3 5
50 3  6.51762  0.00000  0.33732 6 6
50 4  7.63856  0.00000  1.03276 6 6
50 5  7.60906  0.00000  1.03362 3 5
50 6  7.63972  0.00000  1.03271 3 5
51 1  7.44252  0.00000  1.02068 2 1
51 2  8.65628  0.00000  0.57218 2 1
51 3  8.54316  0.00000  0.65228 5 4
51 4  7.62681  0.00000  1.03321 5 4
51 5  7.53465  0.00000  1.03163 1 6
51 6  7.63975  0.00000  1.03271 1 6
52 1  8.29607  0.00000  0.81010 4 3
52 2  8.30523  0.00000  0.80477 4 3
52 3  7.51385  0.00000  1.02999 6 5
52 4  7.66055  0.00000  1.03153 6 5
52 5  7.62811  0.00000  1.03317 4 6
52 6  7.63845  0.00000  1.03277 4 6
53 1  7.68932  0.00000  1.02918 4 1
53 2  8.64691  0.00000  0.57896 4 1
53 3  8.65355  0.00000  0.57416 5 6
53 4  7.63941  0.00000  1.03273 5 6
53 5  8.29607  0.00000  0.81010 1 5
53 6  7.62811  0.00000  1.03317 1 5
54 1  7.61064  0.00000  1.03359 4 6
54 2  8.11500  0.00000  0.90498 4 6
54 3  7.51351  0.00000  1.02996 1 5
54 4  8.47188  0.00000  0.70053 1 5
54 5  7.68932  0.00000  1.02918 1 6
54 6  7.62811  0.00000  1.03317 1 6
55 1  7.39552  0.00000  1.01136 5 3
55 2  7.80731  0.00000  1.01089 5 3
55 3  6.61263  0.00000  0.45638 1 1
55 4  7.97509  0.00000  0.96276 1 1
55 5  7.33250  0.00000  0.99480 6 3
55 6  7.51351  0.00000  1.02996 6 3
56 1  7.39507  0.00000  1.01126 5 2
56 2  7.74474  0.00000  1.02228 5 2
56 3  7.36390  0.00000  1.00364 6 2
56 4  7.95692  0.00000  0.96914 6 2
56 5  7.40907  0.00000  1.01431 1 6
56 6  7.10405  0.00000  0.89438 1 6
57 1  7.39226  0.00000  1.01062 1 5
57 2  7.07108  0.00000  0.87453 1 5
57 3  7.74474  0.00000  1.02228 2 2
57 4  6.84131  0.00000  0.69799 2 2
57 5  7.38737  0.00000  1.00948 5 1
57 6  6.96258  0.00000  0.79950 5 1
58 1  6.61791  0.00000  0.46269 2 3
58 2  7.77359  0.00000  1.01749 2 3
58 3  7.39226  0.00000  1.01062 1 1
58 4  7.39226  0.00000  1.01062 1 1
58 5  6.81702  0.00000  0.67541 6 3
58 6  7.89400  0.00000  0.98909 6 3
59 1  7.89400  0.00000  0.98909 6 2
59 2  8.13324  0.00000  0.89638 6 2
59 3  7.38188  0.00000  1.00817 3 2
59 4  7.78396  0.00000  1.01558 3 2
59 5  6.94053  0.00000  0.78243 5 4
59 6  6.56659  0.00000  0.40002 5 4
60 1  7.16923  0.00000  0.92961 3 4
60 2  7.82023  0.00000  1.00808 3 4
60 3  7.89400  0.00000  0.98909 1 1
60 4  7.89400  0.00000  0.98909 1 1
60 5  8.33660  0.00000  0.78619 4 3
60 6  8.14416  0.00000  0.89113 4 3
61 1  7.57590  0.00000  1.03347 2 1
61 2  7.99817  0.00000  0.95426 2 1
61 3  6.83938  0.00000  0.69622 4 1
61 4  8.12896  0.00000  0.89842 4 1
61 5  8.80380  0.00000  0.46306 2 4
61 6  7.89400  0.00000  0.98909 2 4
62 1  7.45643  0.00000  1.02295 1 2
62 2  7.99817  0.00000  0.95426 1 2
62 3  6.83938  0.00000  0.69622 3 6
62 4  7.89400  0.00000  0.98909 3 6
62 5  8.63992  0.00000  0.58399 1 2
62 6  7.99817  0.00000  0.95426 1 2
63 1  7.45643  0.00000  1.02295 1 4
63 2  7.89400  0.00000  0.98909 1 4
63 3  7.99817  0.00000  0.95426 6 6
63 4  7.99817  0.00000  0.95426 6 6
63 5  6.80452  0.00000  0.66351 4 1
63 6  8.10178  0.00000  0.91106 4 1
64 1  7.88195  0.00000  0.99253 3 2
64 2  8.28290  0.00000  0.81767 3 2
64 3  7.49598  0.00000  1.02820 1 2
64 4  7.85445  0.00000  0.99988 1 2
64 5  8.03374  0.00000  0.94035 3 1
64 6  7.45643  0.00000  1.02295 3 1
65 1  7.95781  0.00000  0.96883 3 6
65 2  7.51465  0.00000  1.03006 3 6
65 3  7.85445  0.00000  0.99988 4 4
65 4  6.36842  0.00000  0.12948 4 4
65 5  7.49598  0.00000  1.02820 3 1
65 6  9.04373  0.00000  0.28048 3 1
66 1  7.50017  0.00000  1.02865 2 5
66 2  7.51046  0.00000  1.02968 2 5
66 3  7.50381  0.00000  1.02903 3 3
66 4  7.85445  0.00000  0.99988 3 3
66 5  7.49427  0.00000  1.02801 5 2
66 6  7.51636  0.00000  1.03021 5 2
67 1  7.50198  0.00000  1.02884 6 1
67 2  7.51456  0.00000  1.03005 6 1
67 3  7.50581  0.00000  1.02923 3 2
67 4  6.81755  0.00000  0.67592 3 2
67 5  7.50381  0.00000  1.02903 3 6
67 6  7.42475  0.00000  1.01746 3 6
68 1  7.10175  0.00000  0.89304 1 2
68 2  7.51589  0.00000  1.03017 1 2
68 3  7.50353  0.00000  1.02900 5 3
68 4  7.50609  0.00000  1.02926 5 3
68 5  7.50296  0.00000  1.02894 2 5
68 6  7.51541  0.00000  1.03013 2 5
69 1  8.55073  0.00000  0.64704 6 5
69 2  7.51550  0.00000  1.03014 6 5
69 3  8.55532  0.00000  0.64385 2 2
69 4  8.22000  0.00000  0.85246 2 2
69 5  7.50398  0.00000  1.02904 3 6
69 6  7.46931  0.00000  1.02485 3 6
70 1  7.51550  0.00000  1.03014 2 5
70 2  7.50398  0.00000  1.02904 2 5
70 3  6.86573  0.00000  0.71993 4 5
70 4  7.18455  0.00000  0.93712 4 5
70 5  7.47497  0.00000  1.02563 2 4
70 6  8.26053  0.00000  0.83031 2 4
71 1  7.47426  0.00000  1.02554 5 2
71 2  7.50469  0.00000  1.02912 5 2
71 3  7.51550  0.00000  1.03014 1 1
71 4  8.34056  0.00000  0.78381 1 1
71 5  7.47284  0.00000  1.02534 2 5
71 6  7.50612  0.00000  1.02926 2 5
72 1  7.50844  0.00000  1.02949 5 3
72 2  7.51648  0.00000  1.03022 5 3
72 3  7.50483  0.00000  1.02913 6 2
72 4  6.92806  0.00000  0.77251 6 2
72 5  7.50624  0.00000  1.02927 3 6
72 6  7.51538  0.00000  1.03013 3 6
73 1  7.51648  0.00000  1.03022 2 5
73 2  7.63761  0.00000  1.03281 2 5
73 3  7.51538  0.00000  1.03013 6 2
73 4  7.51648  0.00000  1.03022 6 2
73 5  7.50873  0.00000  1.02951 1 6
73 6  7.51509  0.00000  1.03010 1 6
74 1  7.51648  0.00000  1.03022 1 4
74 2  7.29690  0.00000  0.98335 1 4
74 3  7.06932  0.00000  0.87343 2 4
74 4  7.66039  0.00000  1.03155 2 4
74 5  7.47357  0.00000  1.02544 2 1
74 6  7.68052  0.00000  1.02999 2 1
75 1  7.65450  0.00000  1.03192 6 4
75 2  8.52155  0.00000  0.66711 6 4
75 3  7.47746  0.00000  1.02596 1 5
75 4  7.51258  0.00000  1.02987 1 5
75 5  7.48005  0.00000  1.02630 6 4
75 6  7.66039  0.00000  1.03155 6 4
76 1  8.41990  0.00000  0.73444 6 3
76 2  8.33189  0.00000  0.78902 6 3
76 3  8.68130  0.00000  0.55399 1 3
76 4  7.63992  0.00000  1.03270 1 3
76 5  7.54937  0.00000  1.03250 4 1
76 6  7.61771  0.00000  1.03346 4 1
77 1  7.63117  0.00000  1.03306 4 1
77 2  8.38886  0.00000  0.75412 4 1
77 3  7.54418  0.00000  1.03222 6 5
77 4  7.62290  0.00000  1.03333 6 5
77 5  7.61356  0.00000  1.03355 6 4
77 6  7.55858  0.00000  1.03292 6 4
78 1  7.62294  0.00000  1.03333 1 4
78 2  7.63113  0.00000  1.03306 1 4
78 3  7.56866  0.00000  1.03328 5 6
78 4  7.55858  0.00000  1.03292 5 6
78 5  6.40624  0.00000  0.18449 4 5
78 6  6.64173  0.00000  0.49070 4 5
79 1  7.83251  0.00000  1.00526 3 1
79 2  8.17074  0.00000  0.87800 3 1
79 3  7.59112  0.00000  1.03368 4 2
79 4  6.71260  0.00000  0.56996 4 2
79 5  6.57411  0.00000  0.40940 1 3
79 6  7.27786  0.00000  0.97660 1 3
80 1  8.01917  0.00000  0.94617 3 2
80 2  7.74059  0.00000  1.02290 3 2
80 3  7.21280  0.00000  0.95020 1 6
80 4  7.89757  0.00000  0.98805 1 6
80 5  7.87788  0.00000  0.99366 1 3
80 6  8.22439  0.00000  0.85010 1 3
81 1  7.89757  0.00000  0.98805 4 2
81 2  7.74059  0.00000  1.02290 4 2
81 3  7.95809  0.00000  0.96873 5 2
81 4  6.74715  0.00000  0.60635 5 2
81 5  7.88094  0.00000  0.99281 5 4
81 6  8.53898  0.00000  0.65515 5 4
82 1  7.72885  0.00000  1.02457 1 2
82 2  8.11654  0.00000  0.90426 1 2
82 3  7.51456  0.00000  1.03005 5 1
82 4  7.89950  0.00000  0.98748 5 1
82 5  8.74442  0.00000  0.50748 2 3
82 6  6.68787  0.00000  0.54300 2 3
83 1  7.60639  0.00000  1.03365 2 3
83 2  8.02471  0.00000  0.94398 2 3
83 3  7.89950  0.00000  0.98748 4 4
83 4  9.45623  0.00000 -0.02169 4 4
83 5  7.52080  0.00000  1.03059 1 3
83 6  7.72261  0.00000  1.02540 1 3
84 1  7.67993  0.00000  1.03004 6 5
84 2  7.68632  0.00000  1.02946 6 5
84 3  7.59765  0.00000  1.03370 1 6
84 4  7.73135  0.00000  1.02422 1 6
84 5  7.55830  0.00000  1.03291 5 1
84 6  7.60316  0.00000  1.03368 5 1
85 1  7.96187  0.00000  0.96742 1 3
85 2  7.70610  0.00000  1.02741 1 3
85 3  7.47155  0.00000  1.02517 6 3
85 4  7.74371  0.00000  1.02243 6 3
85 5  7.67993  0.00000  1.03004 1 6
85 6  7.60316  0.00000  1.03368 1 6
86 1  7.48724  0.00000  1.02719 6 3
86 2  7.07701  0.00000  0.87820 6 3
86 3  7.61724  0.00000  1.03347 5 6
86 4  7.66585  0.00000  1.03116 5 6
86 5  7.13564  0.00000  0.91212 3 5
86 6  7.68177  0.00000  1.02988 3 5
87 1  7.47693  0.00000  1.02589 4 1
87 2  8.39179  0.00000  0.75228 4 1
87 3  7.61724  0.00000  1.03347 3 3
87 4  7.32589  0.00000  0.99279 3 3
87 5  8.69904  0.00000  0.54101 6 4
87 6  7.66585  0.00000  1.03116 6 4
88 1  7.47703  0.00000  1.02590 1 3
88 2  7.61714  0.00000  1.03347 1 3
88 3  6.80311  0.00000  0.66215 2 3
88 4  8.31557  0.00000  0.79870 2 3
88 5  6.38741  0.00000  0.15730 4 1
88 6  7.47936  0.00000  1.02621 4 1
89 1  8.35510  0.00000  0.77500 2 6
89 2  7.59746  0.00000  1.03370 2 6
89 3  7.19532  0.00000  0.94222 4 1
89 4  8.59728  0.00000  0.61443 4 1
89 5  7.61714  0.00000  1.03347 2 6
89 6  7.47936  0.00000  1.02621 2 6
90 1  7.48772  0.00000  1.02725 5 6
90 2  7.60878  0.00000  1.03362 5 6
90 3  8.10608  0.00000  0.90910 2 2
90 4  7.62103  0.00000  1.03338 2 2
90 5  7.60968  0.00000  1.03361 5 6
90 6  7.47936  0.00000  1.02621 5 6
91 1  6.78578  0.00000  0.64529 5 4
91 2  8.95081  0.00000  0.35142 5 4
91 3  7.60878  0.00000  1.03362 2 2
91 4  7.19941  0.00000  0.94412 2 2
91 5  7.84563  0.00000  1.00210 4 5
91 6  7.61904  0.00000  1.03343 4 5
92 1  7.19070  0.00000  0.94005 6 5
92 2  7.79550  0.00000  1.01332 6 5
92 3  7.60878  0.00000  1.03362 3 3
92 4  7.60878  0.00000  1.03362 3 3
92 5  7.21907  0.00000  0.95297 4 6
92 6  7.59938  0.00000  1.03370 4 6
93 1  7.60878  0.00000  1.03362 4 6
93 2  7.59938  0.00000  1.03370 4 6
93 3  7.60878  0.00000  1.03362 3 3
93 4  7.60878  0.00000  1.03362 3 3
93 5  7.59551  0.00000  1.03370 4 6
93 6  7.61265  0.00000  1.03356 4 6
94 1  7.59700  0.00000  1.03370 2 5
94 2  8.11335  0.00000  0.90574 2 5
94 3  8.84852  0.00000  0.42929 3 5
94 4  7.60745  0.00000  1.03364 3 5
94 5  8.69423  0.00000  0.54453 2 4
94 6  7.62622  0.00000  1.03323 2 4
95 1  7.07729  0.00000  0.87838 5 1
95 2  9.26207  0.00000  0.11648 5 1
95 3  7.59809  0.00000  1.03370 4 1
95 4  7.60636  0.00000  1.03365 4 1
95 5  7.62622  0.00000  1.03323 6 4
95 6  7.82116  0.00000  1.00787 6 4
96 1  7.42323  0.00000  1.01717 4 1
96 2  8.30841  0.00000  0.80291 4 1
96 3  7.59809  0.00000  1.03370 3 3
96 4  6.68415  0.00000  0.53888 3 3
96 5  7.60661  0.00000  1.03365 5 4
96 6  6.46978  0.00000  0.27339 5 4
97 1  6.51824  0.00000  0.33813 4 5
97 2  7.86552  0.00000  0.99700 4 5
97 3  8.34332  0.00000  0.78214 3 3
97 4  7.59809  0.00000  1.03370 3 3
97 5  7.46125  0.00000  1.02368 5 1
97 6  7.56858  0.00000  1.03328 5 1
98 1  7.57143  0.00000  1.03336 6 4
98 2  8.13732  0.00000  0.89443 6 4
98 3  6.29633  0.00000  0.02046 5 2
98 4  7.86552  0.00000  0.99700 5 2
98 5  7.45834  0.00000  1.02324 5 4
98 6  7.93667  0.00000  0.97592 5 4
99 1  7.33504  0.00000  0.99556 2 5
99 2  8.26062  0.00000  0.83026 2 5
99 3  7.46428  0.00000  1.02413 1 5
99 4  7.56550  0.00000  1.03318 1 5
99 5  7.07552  0.00000  0.87728 1 4
99 6  7.86552  0.00000  0.99700 1 4
100 1  6.90989  0.00000  0.75769 6 4
100 2  7.77952  0.00000  1.01641 6 4
100 3  7.15030  0.00000  0.91992 5 4
100 4  7.49072  0.00000  1.02760 5 4
100 5  7.73418  0.00000  1.02383 3 1
100 6  7.59706  0.00000  1.03370 3 1