3.015460e-04 2.629406e-04
2.719372e-04 2.583912e-04
2.772870e-04 2.636459e-04
2.909603e-04 2.469519e-04
3.246074e-04 2.430158e-04
2.400863e-04 2.453070e-04
2.775442e-04 2.563539e-04
2.953458e-04 2.577937e-04
2.055882e-04 2.537545e-04
3.145306e-04 2.658859e-04
2.646504e-04 2.523446e-04
3.141471e-04 2.762489e-04
2.549987e-04 2.418944e-04
3.189115e-04 2.563855e-04
2.857541e-04 2.673185e-04
2.581861e-04 2.342673e-04
3.222392e-04 2.904370e-04
3.082455e-04 2.701725e-04
2.930035e-04 2.659507e-04
2.949525e-04 2.455021e-04
2.369196e-04 2.521850e-04
2.586259e-04 2.587224e-04
2.978302e-04 2.605902e-04
3.027409e-04 2.547681e-04
2.752177e-04 2.594296e-04
2.954451e-04 2.694000e-04
2.767493e-04 2.532188e-04
3.184426e-04 2.574981e-04
2.964675e-04 2.612704e-04
1.629054e-04 2.802931e-04
