2.541212e-04 2.798863e-04
2.864516e-04 2.648806e-04
2.669995e-04 2.509091e-04
2.754757e-04 2.396064e-04
3.058421e-04 2.476623e-04
2.626653e-04 2.538631e-04
2.751543e-04 2.666499e-04
3.046489e-04 2.631664e-04
2.495536e-04 2.471579e-04
3.095375e-04 2.740815e-04
2.881345e-04 2.546376e-04
3.022827e-04 2.422237e-04
2.214590e-04 2.596665e-04
3.218235e-04 2.392046e-04
2.549439e-04 2.607536e-04
2.691659e-04 2.437995e-04
3.181421e-04 2.606725e-04
2.254929e-04 2.882473e-04
1.886281e-04 2.348462e-04
2.554555e-04 2.523833e-04
2.256421e-04 2.630257e-04
2.704405e-04 2.936400e-04
2.876191e-04 2.489845e-04
3.269991e-04 2.593809e-04
2.804800e-04 2.506194e-04
2.778891e-04 2.669180e-04
2.854843e-04 2.480262e-04
2.934857e-04 2.739107e-04
3.104603e-04 2.679175e-04
2.957362e-04 2.611775e-04
