1.769505e-04 7.745737e-05 4.236855e-03
1.853401e-04 7.878920e-05 4.309704e-03
1.783425e-04 7.503047e-05 4.104105e-03
1.992173e-04 7.296979e-05 3.991387e-03
1.895865e-04 8.008584e-05 4.380630e-03
1.744588e-04 8.133256e-05 4.448824e-03
2.114532e-04 7.497536e-05 4.101090e-03
1.907671e-04 7.453208e-05 4.076844e-03
2.006051e-04 8.301862e-05 4.541050e-03
1.884965e-04 8.427797e-05 4.609936e-03
2.042324e-04 7.435445e-05 4.067127e-03
1.905535e-04 7.796906e-05 4.264843e-03
2.011644e-04 9.148353e-05 5.004074e-03
1.648946e-04 7.396198e-05 4.045660e-03
1.664449e-04 7.407084e-05 4.051614e-03
1.967355e-04 7.617569e-05 4.166747e-03
2.096787e-04 7.596218e-05 4.155069e-03
2.065798e-04 7.559770e-05 4.135132e-03
2.047373e-04 7.855236e-05 4.296749e-03
1.948551e-04 7.201683e-05 3.939261e-03
2.005461e-04 7.262715e-05 3.972645e-03
1.680821e-04 8.521060e-05 4.660950e-03
2.001626e-04 1.105321e-04 6.046015e-03
1.829144e-04 7.185183e-05 3.930236e-03
1.774890e-04 8.362623e-05 4.574286e-03
1.775938e-04 7.773787e-05 4.252197e-03
1.918839e-04 8.284384e-05 4.531490e-03
1.820319e-04 7.414802e-05 4.055836e-03
1.848141e-04 7.671589e-05 4.196296e-03
1.874114e-04 8.890737e-05 4.863160e-03
