7.174189e-04 5.328627e-04
4.509353e-04 4.471123e-04
6.044801e-04 4.153069e-04
6.411559e-04 4.834824e-04
5.499372e-04 4.431423e-04
5.518486e-04 3.945459e-04
1.170429e-03 8.779566e-04
5.793434e-04 3.963115e-04
7.722526e-04 5.419994e-04
7.871428e-04 6.798959e-04
5.622276e-04 4.409391e-04
8.989333e-04 6.276264e-04
6.575252e-04 4.858125e-04
7.446683e-04 5.667153e-04
5.459363e-04 5.130472e-04
9.593130e-04 7.094711e-04
7.341841e-04 5.711994e-04
6.905265e-04 5.006732e-04
5.490913e-04 4.665608e-04
6.750792e-04 4.894056e-04
9.310294e-04 7.122618e-04
5.189543e-04 4.351611e-04
5.396303e-04 4.437330e-04
6.730997e-04 4.688990e-04
6.396127e-04 5.150192e-04
6.055725e-04 4.359649e-04
6.221327e-04 4.334561e-04
6.312964e-04 4.759546e-04
6.096007e-04 4.856292e-04
4.131585e-04 4.034636e-04
