7.154467e-02 1.701557e-02 7.154467e-01
7.289523e-02 1.701687e-02 7.289523e-01
7.263055e-02 1.701466e-02 7.263055e-01
7.290112e-02 1.701654e-02 7.290112e-01
7.158038e-02 1.702460e-02 7.158038e-01
7.286789e-02 1.702414e-02 7.286789e-01
7.243127e-02 1.701233e-02 7.243127e-01
7.241516e-02 1.701214e-02 7.241516e-01
7.200866e-02 1.703044e-02 7.200866e-01
7.228069e-02 1.701922e-02 7.228069e-01
7.312205e-02 1.701658e-02 7.312205e-01
7.261979e-02 1.702817e-02 7.261979e-01
7.169544e-02 1.701327e-02 7.169544e-01
7.235008e-02 1.703319e-02 7.235008e-01
7.175874e-02 1.702226e-02 7.175874e-01
7.187931e-02 1.702395e-02 7.187931e-01
7.160748e-02 1.702502e-02 7.160748e-01
7.180514e-02 1.701524e-02 7.180514e-01
7.112694e-02 1.701865e-02 7.112694e-01
7.171436e-02 1.701558e-02 7.171436e-01
7.210025e-02 1.701145e-02 7.210025e-01
7.326801e-02 1.701529e-02 7.326801e-01
7.183892e-02 1.700906e-02 7.183892e-01
7.282224e-02 1.701841e-02 7.282224e-01
7.271478e-02 1.704618e-02 7.271478e-01
7.215945e-02 1.701546e-02 7.215945e-01
7.218356e-02 1.701421e-02 7.218356e-01
7.293669e-02 1.701921e-02 7.293669e-01
7.148241e-02 1.702316e-02 7.148241e-01
7.189337e-02 1.702739e-02 7.189337e-01
