7.255999e-02 1.702308e-02 7.255999e-01
7.281227e-02 1.701628e-02 7.281227e-01
7.218098e-02 1.701508e-02 7.218098e-01
7.231115e-02 1.702802e-02 7.231115e-01
7.245992e-02 1.705600e-02 7.245992e-01
7.188399e-02 1.702801e-02 7.188399e-01
7.158860e-02 1.703937e-02 7.158860e-01
7.267710e-02 1.701942e-02 7.267710e-01
7.144572e-02 1.701009e-02 7.144572e-01
7.257485e-02 1.701838e-02 7.257485e-01
7.218619e-02 1.703561e-02 7.218619e-01
7.114306e-02 1.700996e-02 7.114306e-01
7.260640e-02 1.701640e-02 7.260640e-01
7.142284e-02 1.701703e-02 7.142284e-01
7.320485e-02 1.701533e-02 7.320485e-01
7.325568e-02 1.701910e-02 7.325568e-01
7.226868e-02 1.705809e-02 7.226868e-01
7.223755e-02 1.703645e-02 7.223755e-01
7.222809e-02 1.701751e-02 7.222809e-01
7.248145e-02 1.702849e-02 7.248145e-01
7.305741e-02 1.703580e-02 7.305741e-01
7.258520e-02 1.701710e-02 7.258520e-01
7.271871e-02 1.702160e-02 7.271871e-01
7.235583e-02 1.701828e-02 7.235583e-01
7.354736e-02 1.705010e-02 7.354736e-01
7.260200e-02 1.701041e-02 7.260200e-01
7.345541e-02 1.701444e-02 7.345541e-01
7.122582e-02 1.701480e-02 7.122582e-01
7.258994e-02 1.701727e-02 7.258994e-01
7.182373e-02 1.702364e-02 7.182373e-01
