5.034797e-02 1.575938e-02
3.714587e-02 1.091774e-02
6.357151e-02 3.128130e-02
3.182657e-02 8.020112e-03
5.880895e-02 3.268849e-02
4.465595e-02 1.648673e-02
5.446450e-02 2.530003e-02
5.324843e-02 1.666252e-02
5.420559e-02 2.663146e-02
4.323931e-02 1.519536e-02
2.979912e-02 7.793863e-03
5.929936e-02 2.669373e-02
3.531391e-02 9.480864e-03
4.903491e-02 2.842817e-02
3.860901e-02 1.771220e-02
4.347597e-02 1.612504e-02
5.047413e-02 1.567986e-02
4.831514e-02 1.558927e-02
3.837544e-02 1.099991e-02
6.530697e-02 2.809438e-02
2.829779e-02 8.263231e-03
3.096127e-02 7.921201e-03
3.761478e-02 1.914085e-02
2.913412e-02 1.428017e-02
4.728998e-02 1.838427e-02
4.162395e-02 1.482588e-02
3.737947e-02 1.790157e-02
4.501593e-02 2.275199e-02
4.446834e-02 1.524368e-02
5.459463e-02 2.497756e-02
