2.643969e-02 1.173793e-02
1.735253e-02 7.129514e-03
4.867051e-02 2.338453e-02
1.420985e-02 6.330928e-03
4.307306e-02 4.054958e-02
2.910790e-02 1.312203e-02
3.025788e-02 1.366816e-02
3.387980e-02 1.547686e-02
3.805874e-02 1.895964e-02
2.311811e-02 1.012472e-02
1.346880e-02 5.815242e-03
4.123013e-02 1.912081e-02
1.764731e-02 7.729225e-03
3.151328e-02 2.351993e-02
2.008405e-02 8.691119e-03
2.471104e-02 1.038802e-02
2.744938e-02 1.179914e-02
2.607259e-02 1.086091e-02
2.473633e-02 1.143653e-02
4.826744e-02 2.108932e-02
1.237067e-02 4.985803e-03
1.417335e-02 5.926153e-03
2.539922e-02 1.154441e-02
1.740220e-02 7.962504e-03
3.054099e-02 1.412039e-02
2.506973e-02 1.161135e-02
2.030087e-02 9.063348e-03
2.699130e-02 1.293492e-02
2.274512e-02 9.260720e-03
2.704844e-02 1.398600e-02
