2.378973e-02 7.045166e-03
2.258445e-02 4.511531e-03
1.334883e-02 4.085939e-03
1.679086e-02 5.384469e-03
1.730917e-02 3.704400e-03
2.290725e-02 6.161028e-03
1.745283e-02 3.665539e-03
2.265778e-02 4.553231e-03
1.774559e-02 5.092879e-03
1.300243e-02 3.233767e-03
1.716513e-02 3.849153e-03
1.800511e-02 5.033495e-03
2.077816e-02 7.716368e-03
2.605404e-02 7.646648e-03
1.017280e-02 3.308081e-03
1.478819e-02 3.739342e-03
1.707216e-02 3.794541e-03
1.510214e-02 3.445952e-03
1.426788e-02 3.607030e-03
2.212071e-02 6.193242e-03
1.785902e-02 3.444741e-03
1.630662e-02 3.365671e-03
1.881316e-02 7.011345e-03
2.332759e-02 7.239482e-03
2.030679e-02 7.201174e-03
2.099517e-02 4.181496e-03
1.559234e-02 3.503422e-03
2.410244e-02 5.432165e-03
1.678994e-02 4.437973e-03
1.895630e-02 4.037398e-03
