6.088142e-03 2.544003e-03
7.910976e-03 3.254701e-03
2.700254e-03 1.137194e-03
3.910062e-03 1.554789e-03
4.448898e-03 1.918250e-03
7.695469e-03 3.117341e-03
5.108279e-03 2.247514e-03
9.193788e-03 3.365384e-03
4.916555e-03 2.067544e-03
2.455588e-03 1.109925e-03
4.252946e-03 1.795303e-03
5.003434e-03 2.107198e-03
4.564365e-03 1.890914e-03
6.668904e-03 2.684601e-03
1.987951e-03 9.051548e-04
3.924511e-03 1.664990e-03
5.257190e-03 2.134156e-03
3.238403e-03 1.392989e-03
3.475019e-03 1.450825e-03
7.510064e-03 2.926916e-03
4.615290e-03 1.956015e-03
5.466101e-03 2.203064e-03
4.189063e-03 1.804905e-03
8.053361e-03 2.892890e-03
5.881053e-03 2.218442e-03
6.316838e-03 2.638418e-03
4.982169e-03 2.220399e-03
6.947699e-03 2.948388e-03
5.456987e-03 2.285675e-03
4.850808e-03 2.031298e-03
