2.727046e-04 2.757308e-04 6.165529e-03
3.622832e-04 3.171123e-04 7.090846e-03
2.984868e-04 2.613609e-04 5.844207e-03
3.683377e-04 2.575908e-04 5.759905e-03
2.368540e-04 2.683463e-04 6.000405e-03
3.533566e-04 2.636854e-04 5.896184e-03
2.988383e-04 9.616344e-04 2.150280e-02
2.624706e-04 3.467872e-04 7.754396e-03
3.169927e-04 2.918219e-04 6.525336e-03
3.250094e-04 2.605078e-04 5.825131e-03
3.275675e-04 2.701843e-04 6.041505e-03
3.080058e-04 2.512981e-04 5.619197e-03
3.195597e-04 2.814808e-04 6.294101e-03
2.882970e-04 2.788210e-04 6.234628e-03
3.530765e-04 2.716188e-04 6.073581e-03
2.316703e-04 2.491054e-04 5.570166e-03
3.532612e-04 2.576492e-04 5.761212e-03
3.560394e-04 2.660034e-04 5.948018e-03
3.207334e-04 2.474180e-04 5.532435e-03
3.666040e-04 2.701605e-04 6.040972e-03
2.767684e-04 2.484775e-04 5.556127e-03
2.744949e-04 2.605013e-04 5.824986e-03
2.939954e-04 2.651238e-04 5.928349e-03
2.701549e-04 2.576217e-04 5.760597e-03
3.314964e-04 5.862389e-04 1.310870e-02
3.334039e-04 2.728084e-04 6.100182e-03
3.102919e-04 2.646359e-04 5.917438e-03
2.336592e-04 2.774445e-04 6.203847e-03
3.118375e-04 2.555428e-04 5.714111e-03
3.068537e-04 2.769900e-04 6.193684e-03
