3.285928e-04 2.905363e-04 6.496589e-03
3.471248e-04 2.650694e-04 5.927131e-03
3.223425e-04 2.442718e-04 5.462084e-03
2.713021e-04 2.704288e-04 6.046972e-03
2.961289e-04 2.875406e-04 6.429603e-03
3.151065e-04 2.639168e-04 5.901359e-03
2.962304e-04 2.692107e-04 6.019734e-03
3.079520e-04 2.491712e-04 5.571637e-03
3.082691e-04 2.529423e-04 5.655961e-03
2.651354e-04 2.531406e-04 5.660395e-03
2.456401e-04 2.711688e-04 6.063519e-03
2.821275e-04 2.563103e-04 5.731273e-03
2.831629e-04 2.590404e-04 5.792319e-03
3.661621e-04 2.695020e-04 6.026249e-03
3.406173e-04 2.526434e-04 5.649277e-03
2.817320e-04 2.804473e-04 6.270992e-03
2.712933e-04 2.565520e-04 5.736677e-03
3.280538e-04 2.742128e-04 6.131584e-03
3.181271e-04 2.621114e-04 5.860989e-03
3.490141e-04 2.708467e-04 6.056316e-03
2.545039e-04 2.371997e-04 5.303947e-03
3.676335e-04 2.564483e-04 5.734358e-03
3.475006e-04 2.531592e-04 5.660813e-03
2.859513e-04 2.717311e-04 6.076091e-03
2.241237e-04 2.636315e-04 5.894980e-03
3.123581e-04 2.534111e-04 5.666444e-03
2.977876e-04 2.632284e-04 5.885965e-03
3.028784e-04 3.065636e-04 6.854971e-03
2.995950e-04 2.601117e-04 5.816274e-03
3.370609e-04 2.974392e-04 6.650943e-03
