5.00000000000000000000000000000000000000000000000000000000000000000000000000000000
5.00000000000000000000000000000000000000000000000000000000000000000000000000000000
5.00000000000000000000000000000000000000000000000000000000000000000000000000000000
0.31250000000000000000000000000000000000000000000000000000000000000000000000000000
5.00000000000000000000000000000000000000000000000000000000000000000000000000000000
5.00000000000000000000000000000000000000000000000000000000000000000000000000000000
5.00000000000000000000000000000000000000000000000000000000000000000000000000000000
5.00000000000000000000000000000000000000000000000000000000000000000000000000000000
5.00000000000000000000000000000000000000000000000000000000000000000000000000000000
5.00000000000000000000000000000000000000000000000000000000000000000000000000000000
5.00000000000000000000000000000000000000000000000000000000000000000000000000000000
5.00000000000000000000000000000000000000000000000000000000000000000000000000000000
5.00000000000000000000000000000000000000000000000000000000000000000000000000000000
2.50000000000000000000000000000000000000000000000000000000000000000000000000000000
5.00000000000000000000000000000000000000000000000000000000000000000000000000000000
5.00000000000000000000000000000000000000000000000000000000000000000000000000000000
5.00000000000000000000000000000000000000000000000000000000000000000000000000000000
5.00000000000000000000000000000000000000000000000000000000000000000000000000000000
5.00000000000000000000000000000000000000000000000000000000000000000000000000000000
5.00000000000000000000000000000000000000000000000000000000000000000000000000000000
5.00000000000000000000000000000000000000000000000000000000000000000000000000000000
5.00000000000000000000000000000000000000000000000000000000000000000000000000000000
5.00000000000000000000000000000000000000000000000000000000000000000000000000000000
1.25000000000000000000000000000000000000000000000000000000000000000000000000000000
5.00000000000000000000000000000000000000000000000000000000000000000000000000000000
5.00000000000000000000000000000000000000000000000000000000000000000000000000000000
5.00000000000000000000000000000000000000000000000000000000000000000000000000000000
5.00000000000000000000000000000000000000000000000000000000000000000000000000000000
5.00000000000000000000000000000000000000000000000000000000000000000000000000000000
5.00000000000000000000000000000000000000000000000000000000000000000000000000000000
5.00000000000000000000000000000000000000000000000000000000000000000000000000000000
5.00000000000000000000000000000000000000000000000000000000000000000000000000000000
5.00000000000000000000000000000000000000000000000000000000000000000000000000000000
5.00000000000000000000000000000000000000000000000000000000000000000000000000000000
5.00000000000000000000000000000000000000000000000000000000000000000000000000000000
5.00000000000000000000000000000000000000000000000000000000000000000000000000000000
5.00000000000000000000000000000000000000000000000000000000000000000000000000000000
5.00000000000000000000000000000000000000000000000000000000000000000000000000000000
5.00000000000000000000000000000000000000000000000000000000000000000000000000000000
5.00000000000000000000000000000000000000000000000000000000000000000000000000000000
5.00000000000000000000000000000000000000000000000000000000000000000000000000000000
5.00000000000000000000000000000000000000000000000000000000000000000000000000000000
5.00000000000000000000000000000000000000000000000000000000000000000000000000000000
2.50000000000000000000000000000000000000000000000000000000000000000000000000000000
5.00000000000000000000000000000000000000000000000000000000000000000000000000000000
5.00000000000000000000000000000000000000000000000000000000000000000000000000000000
5.00000000000000000000000000000000000000000000000000000000000000000000000000000000
5.00000000000000000000000000000000000000000000000000000000000000000000000000000000
5.00000000000000000000000000000000000000000000000000000000000000000000000000000000
5.00000000000000000000000000000000000000000000000000000000000000000000000000000000
5.00000000000000000000000000000000000000000000000000000000000000000000000000000000
5.00000000000000000000000000000000000000000000000000000000000000000000000000000000
5.00000000000000000000000000000000000000000000000000000000000000000000000000000000
5.00000000000000000000000000000000000000000000000000000000000000000000000000000000
5.00000000000000000000000000000000000000000000000000000000000000000000000000000000
5.00000000000000000000000000000000000000000000000000000000000000000000000000000000
5.00000000000000000000000000000000000000000000000000000000000000000000000000000000
5.00000000000000000000000000000000000000000000000000000000000000000000000000000000
5.00000000000000000000000000000000000000000000000000000000000000000000000000000000
0.31250000000000000000000000000000000000000000000000000000000000000000000000000000
5.00000000000000000000000000000000000000000000000000000000000000000000000000000000
5.00000000000000000000000000000000000000000000000000000000000000000000000000000000
5.00000000000000000000000000000000000000000000000000000000000000000000000000000000
5.00000000000000000000000000000000000000000000000000000000000000000000000000000000
5.00000000000000000000000000000000000000000000000000000000000000000000000000000000
5.00000000000000000000000000000000000000000000000000000000000000000000000000000000
5.00000000000000000000000000000000000000000000000000000000000000000000000000000000
5.00000000000000000000000000000000000000000000000000000000000000000000000000000000
5.00000000000000000000000000000000000000000000000000000000000000000000000000000000
5.00000000000000000000000000000000000000000000000000000000000000000000000000000000
2.50000000000000000000000000000000000000000000000000000000000000000000000000000000
5.00000000000000000000000000000000000000000000000000000000000000000000000000000000
5.00000000000000000000000000000000000000000000000000000000000000000000000000000000
5.00000000000000000000000000000000000000000000000000000000000000000000000000000000
5.00000000000000000000000000000000000000000000000000000000000000000000000000000000
5.00000000000000000000000000000000000000000000000000000000000000000000000000000000
2.50000000000000000000000000000000000000000000000000000000000000000000000000000000
5.00000000000000000000000000000000000000000000000000000000000000000000000000000000
2.50000000000000000000000000000000000000000000000000000000000000000000000000000000
5.00000000000000000000000000000000000000000000000000000000000000000000000000000000
5.00000000000000000000000000000000000000000000000000000000000000000000000000000000
5.00000000000000000000000000000000000000000000000000000000000000000000000000000000
5.00000000000000000000000000000000000000000000000000000000000000000000000000000000
5.00000000000000000000000000000000000000000000000000000000000000000000000000000000
5.00000000000000000000000000000000000000000000000000000000000000000000000000000000
5.00000000000000000000000000000000000000000000000000000000000000000000000000000000
5.00000000000000000000000000000000000000000000000000000000000000000000000000000000
5.00000000000000000000000000000000000000000000000000000000000000000000000000000000
5.00000000000000000000000000000000000000000000000000000000000000000000000000000000
5.00000000000000000000000000000000000000000000000000000000000000000000000000000000
5.00000000000000000000000000000000000000000000000000000000000000000000000000000000
0.62500000000000000000000000000000000000000000000000000000000000000000000000000000
5.00000000000000000000000000000000000000000000000000000000000000000000000000000000
5.00000000000000000000000000000000000000000000000000000000000000000000000000000000
5.00000000000000000000000000000000000000000000000000000000000000000000000000000000
5.00000000000000000000000000000000000000000000000000000000000000000000000000000000
5.00000000000000000000000000000000000000000000000000000000000000000000000000000000
5.00000000000000000000000000000000000000000000000000000000000000000000000000000000
5.00000000000000000000000000000000000000000000000000000000000000000000000000000000
5.00000000000000000000000000000000000000000000000000000000000000000000000000000000
2.50000000000000000000000000000000000000000000000000000000000000000000000000000000
5.00000000000000000000000000000000000000000000000000000000000000000000000000000000
0.07812500000000000000000000000000000000000000000000000000000000000000000000000000
5.00000000000000000000000000000000000000000000000000000000000000000000000000000000
5.00000000000000000000000000000000000000000000000000000000000000000000000000000000
5.00000000000000000000000000000000000000000000000000000000000000000000000000000000
5.00000000000000000000000000000000000000000000000000000000000000000000000000000000
5.00000000000000000000000000000000000000000000000000000000000000000000000000000000
1.25000000000000000000000000000000000000000000000000000000000000000000000000000000
5.00000000000000000000000000000000000000000000000000000000000000000000000000000000
5.00000000000000000000000000000000000000000000000000000000000000000000000000000000
5.00000000000000000000000000000000000000000000000000000000000000000000000000000000
5.00000000000000000000000000000000000000000000000000000000000000000000000000000000
0.31250000000000000000000000000000000000000000000000000000000000000000000000000000
5.00000000000000000000000000000000000000000000000000000000000000000000000000000000
5.00000000000000000000000000000000000000000000000000000000000000000000000000000000
5.00000000000000000000000000000000000000000000000000000000000000000000000000000000
5.00000000000000000000000000000000000000000000000000000000000000000000000000000000
5.00000000000000000000000000000000000000000000000000000000000000000000000000000000
5.00000000000000000000000000000000000000000000000000000000000000000000000000000000
5.00000000000000000000000000000000000000000000000000000000000000000000000000000000
5.00000000000000000000000000000000000000000000000000000000000000000000000000000000
0.62500000000000000000000000000000000000000000000000000000000000000000000000000000
5.00000000000000000000000000000000000000000000000000000000000000000000000000000000
5.00000000000000000000000000000000000000000000000000000000000000000000000000000000
5.00000000000000000000000000000000000000000000000000000000000000000000000000000000
5.00000000000000000000000000000000000000000000000000000000000000000000000000000000
5.00000000000000000000000000000000000000000000000000000000000000000000000000000000
5.00000000000000000000000000000000000000000000000000000000000000000000000000000000
5.00000000000000000000000000000000000000000000000000000000000000000000000000000000
5.00000000000000000000000000000000000000000000000000000000000000000000000000000000
5.00000000000000000000000000000000000000000000000000000000000000000000000000000000
5.00000000000000000000000000000000000000000000000000000000000000000000000000000000
5.00000000000000000000000000000000000000000000000000000000000000000000000000000000
5.00000000000000000000000000000000000000000000000000000000000000000000000000000000
5.00000000000000000000000000000000000000000000000000000000000000000000000000000000
5.00000000000000000000000000000000000000000000000000000000000000000000000000000000
5.00000000000000000000000000000000000000000000000000000000000000000000000000000000
5.00000000000000000000000000000000000000000000000000000000000000000000000000000000
5.00000000000000000000000000000000000000000000000000000000000000000000000000000000
5.00000000000000000000000000000000000000000000000000000000000000000000000000000000
5.00000000000000000000000000000000000000000000000000000000000000000000000000000000
5.00000000000000000000000000000000000000000000000000000000000000000000000000000000
5.00000000000000000000000000000000000000000000000000000000000000000000000000000000
5.00000000000000000000000000000000000000000000000000000000000000000000000000000000
2.50000000000000000000000000000000000000000000000000000000000000000000000000000000
5.00000000000000000000000000000000000000000000000000000000000000000000000000000000
5.00000000000000000000000000000000000000000000000000000000000000000000000000000000
5.00000000000000000000000000000000000000000000000000000000000000000000000000000000
5.00000000000000000000000000000000000000000000000000000000000000000000000000000000
5.00000000000000000000000000000000000000000000000000000000000000000000000000000000
5.00000000000000000000000000000000000000000000000000000000000000000000000000000000
5.00000000000000000000000000000000000000000000000000000000000000000000000000000000
5.00000000000000000000000000000000000000000000000000000000000000000000000000000000
5.00000000000000000000000000000000000000000000000000000000000000000000000000000000
5.00000000000000000000000000000000000000000000000000000000000000000000000000000000
5.00000000000000000000000000000000000000000000000000000000000000000000000000000000
5.00000000000000000000000000000000000000000000000000000000000000000000000000000000
5.00000000000000000000000000000000000000000000000000000000000000000000000000000000
5.00000000000000000000000000000000000000000000000000000000000000000000000000000000
5.00000000000000000000000000000000000000000000000000000000000000000000000000000000
5.00000000000000000000000000000000000000000000000000000000000000000000000000000000
5.00000000000000000000000000000000000000000000000000000000000000000000000000000000
5.00000000000000000000000000000000000000000000000000000000000000000000000000000000
5.00000000000000000000000000000000000000000000000000000000000000000000000000000000
5.00000000000000000000000000000000000000000000000000000000000000000000000000000000
5.00000000000000000000000000000000000000000000000000000000000000000000000000000000
5.00000000000000000000000000000000000000000000000000000000000000000000000000000000
5.00000000000000000000000000000000000000000000000000000000000000000000000000000000
5.00000000000000000000000000000000000000000000000000000000000000000000000000000000
5.00000000000000000000000000000000000000000000000000000000000000000000000000000000
5.00000000000000000000000000000000000000000000000000000000000000000000000000000000
5.00000000000000000000000000000000000000000000000000000000000000000000000000000000
5.00000000000000000000000000000000000000000000000000000000000000000000000000000000
5.00000000000000000000000000000000000000000000000000000000000000000000000000000000
5.00000000000000000000000000000000000000000000000000000000000000000000000000000000
0.07812500000000000000000000000000000000000000000000000000000000000000000000000000
5.00000000000000000000000000000000000000000000000000000000000000000000000000000000
5.00000000000000000000000000000000000000000000000000000000000000000000000000000000
5.00000000000000000000000000000000000000000000000000000000000000000000000000000000
5.00000000000000000000000000000000000000000000000000000000000000000000000000000000
5.00000000000000000000000000000000000000000000000000000000000000000000000000000000
5.00000000000000000000000000000000000000000000000000000000000000000000000000000000
5.00000000000000000000000000000000000000000000000000000000000000000000000000000000
5.00000000000000000000000000000000000000000000000000000000000000000000000000000000
5.00000000000000000000000000000000000000000000000000000000000000000000000000000000
5.00000000000000000000000000000000000000000000000000000000000000000000000000000000
5.00000000000000000000000000000000000000000000000000000000000000000000000000000000
5.00000000000000000000000000000000000000000000000000000000000000000000000000000000
5.00000000000000000000000000000000000000000000000000000000000000000000000000000000
5.00000000000000000000000000000000000000000000000000000000000000000000000000000000
5.00000000000000000000000000000000000000000000000000000000000000000000000000000000
5.00000000000000000000000000000000000000000000000000000000000000000000000000000000
5.00000000000000000000000000000000000000000000000000000000000000000000000000000000
5.00000000000000000000000000000000000000000000000000000000000000000000000000000000
5.00000000000000000000000000000000000000000000000000000000000000000000000000000000
5.00000000000000000000000000000000000000000000000000000000000000000000000000000000
5.00000000000000000000000000000000000000000000000000000000000000000000000000000000
5.00000000000000000000000000000000000000000000000000000000000000000000000000000000
5.00000000000000000000000000000000000000000000000000000000000000000000000000000000
5.00000000000000000000000000000000000000000000000000000000000000000000000000000000
5.00000000000000000000000000000000000000000000000000000000000000000000000000000000
5.00000000000000000000000000000000000000000000000000000000000000000000000000000000
5.00000000000000000000000000000000000000000000000000000000000000000000000000000000
5.00000000000000000000000000000000000000000000000000000000000000000000000000000000
5.00000000000000000000000000000000000000000000000000000000000000000000000000000000
5.00000000000000000000000000000000000000000000000000000000000000000000000000000000
5.00000000000000000000000000000000000000000000000000000000000000000000000000000000
5.00000000000000000000000000000000000000000000000000000000000000000000000000000000
5.00000000000000000000000000000000000000000000000000000000000000000000000000000000
1.25000000000000000000000000000000000000000000000000000000000000000000000000000000
5.00000000000000000000000000000000000000000000000000000000000000000000000000000000
5.00000000000000000000000000000000000000000000000000000000000000000000000000000000
5.00000000000000000000000000000000000000000000000000000000000000000000000000000000
5.00000000000000000000000000000000000000000000000000000000000000000000000000000000
5.00000000000000000000000000000000000000000000000000000000000000000000000000000000
5.00000000000000000000000000000000000000000000000000000000000000000000000000000000
5.00000000000000000000000000000000000000000000000000000000000000000000000000000000
5.00000000000000000000000000000000000000000000000000000000000000000000000000000000
5.00000000000000000000000000000000000000000000000000000000000000000000000000000000
0.31250000000000000000000000000000000000000000000000000000000000000000000000000000
5.00000000000000000000000000000000000000000000000000000000000000000000000000000000
5.00000000000000000000000000000000000000000000000000000000000000000000000000000000
5.00000000000000000000000000000000000000000000000000000000000000000000000000000000
5.00000000000000000000000000000000000000000000000000000000000000000000000000000000
5.00000000000000000000000000000000000000000000000000000000000000000000000000000000
5.00000000000000000000000000000000000000000000000000000000000000000000000000000000
5.00000000000000000000000000000000000000000000000000000000000000000000000000000000
