3.549105e-02 1.462298e-02 3.549105e-01
3.442954e-02 1.550892e-02 3.467900e-01
4.672030e-02 2.181532e-02 4.878053e-01
2.200289e-02 9.976036e-03 2.230709e-01
4.100333e-02 4.054958e-02 9.067163e-01
3.183000e-02 1.437738e-02 3.214880e-01
4.203950e-02 1.825710e-02 4.203950e-01
4.365490e-02 1.892340e-02 4.365490e-01
4.056836e-02 1.932848e-02 4.321979e-01
2.952098e-02 1.380864e-02 3.087706e-01
2.191871e-02 9.368465e-03 2.191871e-01
4.479123e-02 2.020622e-02 4.518249e-01
2.277528e-02 9.278309e-03 2.277528e-01
3.059660e-02 2.243960e-02 5.017648e-01
2.878719e-02 1.280534e-02 2.878719e-01
3.478517e-02 1.587194e-02 3.549073e-01
3.466895e-02 1.489808e-02 3.466895e-01
3.371420e-02 1.373652e-02 3.371420e-01
2.800299e-02 1.283296e-02 2.869537e-01
4.602539e-02 2.058587e-02 4.603141e-01
1.889463e-02 7.948201e-03 1.889463e-01
2.308702e-02 9.922273e-03 2.308702e-01
2.539922e-02 1.154441e-02 2.581409e-01
2.047655e-02 9.060478e-03 2.047655e-01
3.054099e-02 1.412039e-02 3.157415e-01
3.234518e-02 1.479428e-02 3.308102e-01
2.260310e-02 1.085526e-02 2.427310e-01
3.012781e-02 1.615257e-02 3.611824e-01
3.210376e-02 1.379334e-02 3.210376e-01
3.463939e-02 1.655722e-02 3.702308e-01
