1.532911e-04 2.623761e-04 5.866908e-03
1.808539e-04 2.447736e-04 5.473305e-03
1.395512e-04 2.662733e-04 5.954052e-03
7.350939e-05 1.820293e-02 4.070299e-01
7.293936e-05 1.278085e-02 2.857884e-01
1.685461e-04 5.702723e-04 1.275168e-02
2.887294e-04 3.474605e-04 7.769453e-03
1.362796e-04 5.863760e-04 1.311177e-02
1.828073e-04 2.893286e-04 6.469584e-03
1.474080e-04 2.923365e-04 6.536842e-03
6.379092e-05 2.227419e-02 4.980659e-01
1.785439e-04 8.285167e-04 1.852620e-02
7.564444e-05 2.086501e-02 4.665558e-01
8.521401e-05 1.009769e-02 2.257913e-01
6.718448e-05 1.941580e-02 4.341506e-01
1.445770e-04 7.818402e-04 1.748248e-02
1.728171e-04 5.006925e-04 1.119583e-02
2.335798e-04 2.737659e-04 6.121591e-03
1.053134e-04 1.289124e-02 2.882570e-01
7.636758e-05 1.521546e-02 3.402280e-01
2.488427e-04 8.326922e-04 1.861956e-02
1.356571e-04 1.002463e-03 2.241576e-02
1.166486e-04 1.227008e-02 2.743673e-01
1.136716e-04 1.418499e-02 3.171860e-01
1.285557e-04 2.622858e-04 5.864889e-03
6.467346e-05 2.039261e-02 4.559927e-01
2.205657e-04 2.766227e-04 6.185471e-03
1.364441e-04 3.338782e-04 7.465743e-03
2.507130e-04 8.712425e-04 1.948157e-02
2.697896e-04 9.695209e-04 2.167915e-02
