0.02500000000000000138777878078144567552953958511352539062500000000000000000000000
0.05000000000000000277555756156289135105907917022705078125000000000000000000000000
0.02500000000000000138777878078144567552953958511352539062500000000000000000000000
0.10000000000000000555111512312578270211815834045410156250000000000000000000000000
0.10000000000000000555111512312578270211815834045410156250000000000000000000000000
0.00000000000000000555111512312578301026694944241183805145647081358837096609626371
0.00000000000000001110223024625156602053389888482367610291294162717674193219252743
0.00000000000000071054273576010022531416952862871527058642826413931148366032175545
0.02500000000000000138777878078144567552953958511352539062500000000000000000000000
0.00000000000009094947017729282884021369966447555463506281780983186990852118469775
0.00078125000000000004336808689942017736029811203479766845703125000000000000000000
0.05000000000000000277555756156289135105907917022705078125000000000000000000000000
0.10000000000000000555111512312578270211815834045410156250000000000000000000000000
0.10000000000000000555111512312578270211815834045410156250000000000000000000000000
0.00000000000000017763568394002505632854238215717881764660706603482787091508043886
0.10000000000000000555111512312578270211815834045410156250000000000000000000000000
0.00000000000000000277555756156289150513347472120591902572823540679418548304813186
0.00000000000000000277555756156289150513347472120591902572823540679418548304813186
0.40000000000000002220446049250313080847263336181640625000000000000000000000000000
0.40000000000000002220446049250313080847263336181640625000000000000000000000000000
0.02500000000000000138777878078144567552953958511352539062500000000000000000000000
0.00000000000000004440892098500626408213559553929470441165176650870696772877010972
0.00000000000000002220446049250313204106779776964735220582588325435348386438505486
0.00000000000000000277555756156289150513347472120591902572823540679418548304813186
0.00000000000000000555111512312578301026694944241183805145647081358837096609626371
0.00000000000000000555111512312578301026694944241183805145647081358837096609626371
0.40000000000000002220446049250313080847263336181640625000000000000000000000000000
0.00156250000000000008673617379884035472059622406959533691406250000000000000000000
0.00156250000000000008673617379884035472059622406959533691406250000000000000000000
0.00000000000000002220446049250313204106779776964735220582588325435348386438505486
0.00000000000000000277555756156289150513347472120591902572823540679418548304813186
0.02500000000000000138777878078144567552953958511352539062500000000000000000000000
0.00000000000000002220446049250313204106779776964735220582588325435348386438505486
0.02500000000000000138777878078144567552953958511352539062500000000000000000000000
0.00000000000000000277555756156289150513347472120591902572823540679418548304813186
0.40000000000000002220446049250313080847263336181640625000000000000000000000000000
0.00000000000000000277555756156289150513347472120591902572823540679418548304813186
0.00039062500000000002168404344971008868014905601739883422851562500000000000000000
0.40000000000000002220446049250313080847263336181640625000000000000000000000000000
0.00000000000000000277555756156289150513347472120591902572823540679418548304813186
0.40000000000000002220446049250313080847263336181640625000000000000000000000000000
0.20000000000000001110223024625156540423631668090820312500000000000000000000000000
0.02500000000000000138777878078144567552953958511352539062500000000000000000000000
0.00004882812500000000271050543121376108501863200217485427856445312500000000000000
0.00000000000000000277555756156289150513347472120591902572823540679418548304813186
0.40000000000000002220446049250313080847263336181640625000000000000000000000000000
0.10000000000000000555111512312578270211815834045410156250000000000000000000000000
0.00000000000000017763568394002505632854238215717881764660706603482787091508043886
0.00000000000000071054273576010022531416952862871527058642826413931148366032175545
0.10000000000000000555111512312578270211815834045410156250000000000000000000000000
0.00000000000000001110223024625156602053389888482367610291294162717674193219252743
0.00312500000000000017347234759768070944119244813919067382812500000000000000000000
0.00000000000001136868377216160360502671245805944432938285222622898373856514808722
0.40000000000000002220446049250313080847263336181640625000000000000000000000000000
0.00000000000000035527136788005011265708476431435763529321413206965574183016087773
0.05000000000000000277555756156289135105907917022705078125000000000000000000000000
0.01250000000000000069388939039072283776476979255676269531250000000000000000000000
0.00000000000000000277555756156289150513347472120591902572823540679418548304813186
0.00000000000000035527136788005011265708476431435763529321413206965574183016087773
0.00000000000000001110223024625156602053389888482367610291294162717674193219252743
0.00000000000000000555111512312578301026694944241183805145647081358837096609626371
0.00000000000000002220446049250313204106779776964735220582588325435348386438505486
0.00000000000000017763568394002505632854238215717881764660706603482787091508043886
0.00000000000018189894035458565768042739932895110927012563561966373981704236939549
0.00000000000000000555111512312578301026694944241183805145647081358837096609626371
0.00000000000000002220446049250313204106779776964735220582588325435348386438505486
0.00000000000000017763568394002505632854238215717881764660706603482787091508043886
0.02500000000000000138777878078144567552953958511352539062500000000000000000000000
0.00000000000000002220446049250313204106779776964735220582588325435348386438505486
0.00000000000000000277555756156289150513347472120591902572823540679418548304813186
0.00000000000000000277555756156289150513347472120591902572823540679418548304813186
0.00000000000000000277555756156289150513347472120591902572823540679418548304813186
0.02500000000000000138777878078144567552953958511352539062500000000000000000000000
0.00000000000000071054273576010022531416952862871527058642826413931148366032175545
0.00039062500000000002168404344971008868014905601739883422851562500000000000000000
0.00000000000000001110223024625156602053389888482367610291294162717674193219252743
0.00000000000000002220446049250313204106779776964735220582588325435348386438505486
0.02500000000000000138777878078144567552953958511352539062500000000000000000000000
0.00000000000000001110223024625156602053389888482367610291294162717674193219252743
0.00000000000000001110223024625156602053389888482367610291294162717674193219252743
0.00000000000001136868377216160360502671245805944432938285222622898373856514808722
0.00000000000000001110223024625156602053389888482367610291294162717674193219252743
0.00000000000000002220446049250313204106779776964735220582588325435348386438505486
0.00000000000000002220446049250313204106779776964735220582588325435348386438505486
0.00000000000000001110223024625156602053389888482367610291294162717674193219252743
0.00000000000000001110223024625156602053389888482367610291294162717674193219252743
0.00000610351562500000033881317890172013562732900027185678482055664062500000000000
0.02500000000000000138777878078144567552953958511352539062500000000000000000000000
0.10000000000000000555111512312578270211815834045410156250000000000000000000000000
0.40000000000000002220446049250313080847263336181640625000000000000000000000000000
0.00000000000000001110223024625156602053389888482367610291294162717674193219252743
0.00000000000000000277555756156289150513347472120591902572823540679418548304813186
0.00000000000000000555111512312578301026694944241183805145647081358837096609626371
0.00019531250000000001084202172485504434007452800869941711425781250000000000000000
0.00000000000000000277555756156289150513347472120591902572823540679418548304813186
0.10000000000000000555111512312578270211815834045410156250000000000000000000000000
0.00000000000004547473508864641442010684983223777731753140890491593495426059234887
0.00000000000000000277555756156289150513347472120591902572823540679418548304813186
0.40000000000000002220446049250313080847263336181640625000000000000000000000000000
0.00000000000000000277555756156289150513347472120591902572823540679418548304813186
0.00019531250000000001084202172485504434007452800869941711425781250000000000000000
0.00000000000000000277555756156289150513347472120591902572823540679418548304813186
0.00000000000000000277555756156289150513347472120591902572823540679418548304813186
0.00000000000000000277555756156289150513347472120591902572823540679418548304813186
0.00000000000000001110223024625156602053389888482367610291294162717674193219252743
0.40000000000000002220446049250313080847263336181640625000000000000000000000000000
0.05000000000000000277555756156289135105907917022705078125000000000000000000000000
0.00019531250000000001084202172485504434007452800869941711425781250000000000000000
0.05000000000000000277555756156289135105907917022705078125000000000000000000000000
0.10000000000000000555111512312578270211815834045410156250000000000000000000000000
0.10000000000000000555111512312578270211815834045410156250000000000000000000000000
0.00000000000000000277555756156289150513347472120591902572823540679418548304813186
0.00000000000000000555111512312578301026694944241183805145647081358837096609626371
0.02500000000000000138777878078144567552953958511352539062500000000000000000000000
0.00019531250000000001084202172485504434007452800869941711425781250000000000000000
0.00000000000000008881784197001252816427119107858940882330353301741393545754021943
0.00000000000018189894035458565768042739932895110927012563561966373981704236939549
0.20000000000000001110223024625156540423631668090820312500000000000000000000000000
0.00000000000000001110223024625156602053389888482367610291294162717674193219252743
0.10000000000000000555111512312578270211815834045410156250000000000000000000000000
0.10000000000000000555111512312578270211815834045410156250000000000000000000000000
0.00000000000000000555111512312578301026694944241183805145647081358837096609626371
0.20000000000000001110223024625156540423631668090820312500000000000000000000000000
0.10000000000000000555111512312578270211815834045410156250000000000000000000000000
0.00000000000000001110223024625156602053389888482367610291294162717674193219252743
0.00000000000000002220446049250313204106779776964735220582588325435348386438505486
0.10000000000000000555111512312578270211815834045410156250000000000000000000000000
0.02500000000000000138777878078144567552953958511352539062500000000000000000000000
0.00000000000000001110223024625156602053389888482367610291294162717674193219252743
0.10000000000000000555111512312578270211815834045410156250000000000000000000000000
0.00000000000000002220446049250313204106779776964735220582588325435348386438505486
0.02500000000000000138777878078144567552953958511352539062500000000000000000000000
0.00000000000000002220446049250313204106779776964735220582588325435348386438505486
0.00000000000000000555111512312578301026694944241183805145647081358837096609626371
0.20000000000000001110223024625156540423631668090820312500000000000000000000000000
0.00000000000000002220446049250313204106779776964735220582588325435348386438505486
0.10000000000000000555111512312578270211815834045410156250000000000000000000000000
0.00000000000000002220446049250313204106779776964735220582588325435348386438505486
0.20000000000000001110223024625156540423631668090820312500000000000000000000000000
0.00000000000000001110223024625156602053389888482367610291294162717674193219252743
0.00000000000000000555111512312578301026694944241183805145647081358837096609626371
0.00000000000000001110223024625156602053389888482367610291294162717674193219252743
0.00000000000000002220446049250313204106779776964735220582588325435348386438505486
0.00000000000000000555111512312578301026694944241183805145647081358837096609626371
0.10000000000000000555111512312578270211815834045410156250000000000000000000000000
0.00000000000000000555111512312578301026694944241183805145647081358837096609626371
0.00000000000000001110223024625156602053389888482367610291294162717674193219252743
0.10000000000000000555111512312578270211815834045410156250000000000000000000000000
0.02500000000000000138777878078144567552953958511352539062500000000000000000000000
0.10000000000000000555111512312578270211815834045410156250000000000000000000000000
0.00000000000000035527136788005011265708476431435763529321413206965574183016087773
0.05000000000000000277555756156289135105907917022705078125000000000000000000000000
0.00000000000000000277555756156289150513347472120591902572823540679418548304813186
0.00000000000002273736754432320721005342491611888865876570445245796747713029617444
0.02500000000000000138777878078144567552953958511352539062500000000000000000000000
0.02500000000000000138777878078144567552953958511352539062500000000000000000000000
0.01250000000000000069388939039072283776476979255676269531250000000000000000000000
0.40000000000000002220446049250313080847263336181640625000000000000000000000000000
0.00000000000000000277555756156289150513347472120591902572823540679418548304813186
0.00000000000009094947017729282884021369966447555463506281780983186990852118469775
0.00000000000001136868377216160360502671245805944432938285222622898373856514808722
0.40000000000000002220446049250313080847263336181640625000000000000000000000000000
0.00000000000000000555111512312578301026694944241183805145647081358837096609626371
0.01250000000000000069388939039072283776476979255676269531250000000000000000000000
0.02500000000000000138777878078144567552953958511352539062500000000000000000000000
0.00019531250000000001084202172485504434007452800869941711425781250000000000000000
0.10000000000000000555111512312578270211815834045410156250000000000000000000000000
0.00000000000018189894035458565768042739932895110927012563561966373981704236939549
0.02500000000000000138777878078144567552953958511352539062500000000000000000000000
0.10000000000000000555111512312578270211815834045410156250000000000000000000000000
0.00000000000000000555111512312578301026694944241183805145647081358837096609626371
0.00000000000000017763568394002505632854238215717881764660706603482787091508043886
0.00000000000002273736754432320721005342491611888865876570445245796747713029617444
0.02500000000000000138777878078144567552953958511352539062500000000000000000000000
0.00000000000000000277555756156289150513347472120591902572823540679418548304813186
0.02500000000000000138777878078144567552953958511352539062500000000000000000000000
0.00000000000000000277555756156289150513347472120591902572823540679418548304813186
0.10000000000000000555111512312578270211815834045410156250000000000000000000000000
0.40000000000000002220446049250313080847263336181640625000000000000000000000000000
0.00000000000000001110223024625156602053389888482367610291294162717674193219252743
0.10000000000000000555111512312578270211815834045410156250000000000000000000000000
0.05000000000000000277555756156289135105907917022705078125000000000000000000000000
0.00000000000000008881784197001252816427119107858940882330353301741393545754021943
0.10000000000000000555111512312578270211815834045410156250000000000000000000000000
0.00000000000000000277555756156289150513347472120591902572823540679418548304813186
0.00000000000000284217094304040090125667811451486108234571305655724593464128702180
0.00000000000000001110223024625156602053389888482367610291294162717674193219252743
0.00000000000000000277555756156289150513347472120591902572823540679418548304813186
0.00000000000000002220446049250313204106779776964735220582588325435348386438505486
0.00000000000000000555111512312578301026694944241183805145647081358837096609626371
0.00000000000000002220446049250313204106779776964735220582588325435348386438505486
0.00000000000000001110223024625156602053389888482367610291294162717674193219252743
0.10000000000000000555111512312578270211815834045410156250000000000000000000000000
0.00000000000000000277555756156289150513347472120591902572823540679418548304813186
0.00000000000000002220446049250313204106779776964735220582588325435348386438505486
0.05000000000000000277555756156289135105907917022705078125000000000000000000000000
0.10000000000000000555111512312578270211815834045410156250000000000000000000000000
0.00000000000000000277555756156289150513347472120591902572823540679418548304813186
0.10000000000000000555111512312578270211815834045410156250000000000000000000000000
0.10000000000000000555111512312578270211815834045410156250000000000000000000000000
0.20000000000000001110223024625156540423631668090820312500000000000000000000000000
0.10000000000000000555111512312578270211815834045410156250000000000000000000000000
0.00000000000000000277555756156289150513347472120591902572823540679418548304813186
0.00000000000000000555111512312578301026694944241183805145647081358837096609626371
0.20000000000000001110223024625156540423631668090820312500000000000000000000000000
0.00000000000000017763568394002505632854238215717881764660706603482787091508043886
0.20000000000000001110223024625156540423631668090820312500000000000000000000000000
0.00000000000000000555111512312578301026694944241183805145647081358837096609626371
0.00000000000000001110223024625156602053389888482367610291294162717674193219252743
0.20000000000000001110223024625156540423631668090820312500000000000000000000000000
0.00000000000000001110223024625156602053389888482367610291294162717674193219252743
0.00000000000004547473508864641442010684983223777731753140890491593495426059234887
0.00000000000000000555111512312578301026694944241183805145647081358837096609626371
0.00000000000000035527136788005011265708476431435763529321413206965574183016087773
0.10000000000000000555111512312578270211815834045410156250000000000000000000000000
0.40000000000000002220446049250313080847263336181640625000000000000000000000000000
0.00000000000000002220446049250313204106779776964735220582588325435348386438505486
0.00156250000000000008673617379884035472059622406959533691406250000000000000000000
0.00000000000001136868377216160360502671245805944432938285222622898373856514808722
0.00000000000000000555111512312578301026694944241183805145647081358837096609626371
0.00000000000000000277555756156289150513347472120591902572823540679418548304813186
0.05000000000000000277555756156289135105907917022705078125000000000000000000000000
0.00000000000000000277555756156289150513347472120591902572823540679418548304813186
0.00000000000018189894035458565768042739932895110927012563561966373981704236939549
0.00000000000000000555111512312578301026694944241183805145647081358837096609626371
0.05000000000000000277555756156289135105907917022705078125000000000000000000000000
0.00000000000000000277555756156289150513347472120591902572823540679418548304813186
0.00000000000000000277555756156289150513347472120591902572823540679418548304813186
0.00000000000000002220446049250313204106779776964735220582588325435348386438505486
0.00000000000000001110223024625156602053389888482367610291294162717674193219252743
0.00000000000000000555111512312578301026694944241183805145647081358837096609626371
0.02500000000000000138777878078144567552953958511352539062500000000000000000000000
0.00000000000000017763568394002505632854238215717881764660706603482787091508043886
0.00009765625000000000542101086242752217003726400434970855712890625000000000000000
0.10000000000000000555111512312578270211815834045410156250000000000000000000000000
0.40000000000000002220446049250313080847263336181640625000000000000000000000000000
0.02500000000000000138777878078144567552953958511352539062500000000000000000000000
0.01250000000000000069388939039072283776476979255676269531250000000000000000000000
0.10000000000000000555111512312578270211815834045410156250000000000000000000000000
0.00000000000000000555111512312578301026694944241183805145647081358837096609626371
0.00000000000000000277555756156289150513347472120591902572823540679418548304813186
0.00000000000000071054273576010022531416952862871527058642826413931148366032175545
0.00000000000009094947017729282884021369966447555463506281780983186990852118469775
0.02500000000000000138777878078144567552953958511352539062500000000000000000000000
0.00000000000000017763568394002505632854238215717881764660706603482787091508043886
0.00000000000000004440892098500626408213559553929470441165176650870696772877010972
0.00000000000000035527136788005011265708476431435763529321413206965574183016087773
0.00000000000000035527136788005011265708476431435763529321413206965574183016087773
0.05000000000000000277555756156289135105907917022705078125000000000000000000000000
0.00000000000000000277555756156289150513347472120591902572823540679418548304813186
0.02500000000000000138777878078144567552953958511352539062500000000000000000000000
0.00000000000000000277555756156289150513347472120591902572823540679418548304813186
0.02500000000000000138777878078144567552953958511352539062500000000000000000000000
0.00000000000000000277555756156289150513347472120591902572823540679418548304813186
0.05000000000000000277555756156289135105907917022705078125000000000000000000000000
0.00000000000000017763568394002505632854238215717881764660706603482787091508043886
0.02500000000000000138777878078144567552953958511352539062500000000000000000000000
0.00000000000000000277555756156289150513347472120591902572823540679418548304813186
0.10000000000000000555111512312578270211815834045410156250000000000000000000000000
0.00000000000000001110223024625156602053389888482367610291294162717674193219252743
0.05000000000000000277555756156289135105907917022705078125000000000000000000000000
0.40000000000000002220446049250313080847263336181640625000000000000000000000000000
0.05000000000000000277555756156289135105907917022705078125000000000000000000000000
0.00000000000000000138777878078144575256673736060295951286411770339709274152406593
0.00000000000000000277555756156289150513347472120591902572823540679418548304813186
0.05000000000000000277555756156289135105907917022705078125000000000000000000000000
0.10000000000000000555111512312578270211815834045410156250000000000000000000000000
0.10000000000000000555111512312578270211815834045410156250000000000000000000000000
0.05000000000000000277555756156289135105907917022705078125000000000000000000000000
0.01250000000000000069388939039072283776476979255676269531250000000000000000000000
0.00000000000000001110223024625156602053389888482367610291294162717674193219252743
0.01250000000000000069388939039072283776476979255676269531250000000000000000000000
0.01250000000000000069388939039072283776476979255676269531250000000000000000000000
0.02500000000000000138777878078144567552953958511352539062500000000000000000000000
0.20000000000000001110223024625156540423631668090820312500000000000000000000000000
0.05000000000000000277555756156289135105907917022705078125000000000000000000000000
0.20000000000000001110223024625156540423631668090820312500000000000000000000000000
0.10000000000000000555111512312578270211815834045410156250000000000000000000000000
0.00000000000004547473508864641442010684983223777731753140890491593495426059234887
0.01250000000000000069388939039072283776476979255676269531250000000000000000000000
0.02500000000000000138777878078144567552953958511352539062500000000000000000000000
0.00000000000000000277555756156289150513347472120591902572823540679418548304813186
0.00000000000000002220446049250313204106779776964735220582588325435348386438505486
0.40000000000000002220446049250313080847263336181640625000000000000000000000000000
0.00000000000000000277555756156289150513347472120591902572823540679418548304813186
0.00000000000000000555111512312578301026694944241183805145647081358837096609626371
0.00000000000000000555111512312578301026694944241183805145647081358837096609626371
0.00000000000000000555111512312578301026694944241183805145647081358837096609626371
0.00000000000000000277555756156289150513347472120591902572823540679418548304813186
0.00000000000000000277555756156289150513347472120591902572823540679418548304813186
0.00000000000000000555111512312578301026694944241183805145647081358837096609626371
0.00000000000000000555111512312578301026694944241183805145647081358837096609626371
0.00000000000004547473508864641442010684983223777731753140890491593495426059234887
0.00000000000000017763568394002505632854238215717881764660706603482787091508043886
0.00000000000000002220446049250313204106779776964735220582588325435348386438505486
0.00000000000000000555111512312578301026694944241183805145647081358837096609626371
0.05000000000000000277555756156289135105907917022705078125000000000000000000000000
0.00000000000000000555111512312578301026694944241183805145647081358837096609626371
0.40000000000000002220446049250313080847263336181640625000000000000000000000000000
0.00000000000000000555111512312578301026694944241183805145647081358837096609626371
0.00000000000000000555111512312578301026694944241183805145647081358837096609626371
0.00000000000000000277555756156289150513347472120591902572823540679418548304813186
0.00000000000000001110223024625156602053389888482367610291294162717674193219252743
0.02500000000000000138777878078144567552953958511352539062500000000000000000000000
0.00004882812500000000271050543121376108501863200217485427856445312500000000000000
0.02500000000000000138777878078144567552953958511352539062500000000000000000000000
0.00000000000000071054273576010022531416952862871527058642826413931148366032175545
0.00000000000000000277555756156289150513347472120591902572823540679418548304813186
0.02500000000000000138777878078144567552953958511352539062500000000000000000000000
0.00000000000000002220446049250313204106779776964735220582588325435348386438505486
0.00078125000000000004336808689942017736029811203479766845703125000000000000000000
0.00000000000018189894035458565768042739932895110927012563561966373981704236939549
0.10000000000000000555111512312578270211815834045410156250000000000000000000000000
0.00002441406250000000135525271560688054250931600108742713928222656250000000000000
0.00000000000000000277555756156289150513347472120591902572823540679418548304813186
0.00004882812500000000271050543121376108501863200217485427856445312500000000000000
0.00000000000000000277555756156289150513347472120591902572823540679418548304813186
0.20000000000000001110223024625156540423631668090820312500000000000000000000000000
0.02500000000000000138777878078144567552953958511352539062500000000000000000000000
0.20000000000000001110223024625156540423631668090820312500000000000000000000000000
0.00000000000000017763568394002505632854238215717881764660706603482787091508043886
0.00000000000000001110223024625156602053389888482367610291294162717674193219252743
0.10000000000000000555111512312578270211815834045410156250000000000000000000000000
0.00000000000000001110223024625156602053389888482367610291294162717674193219252743
0.02500000000000000138777878078144567552953958511352539062500000000000000000000000
0.00000000000009094947017729282884021369966447555463506281780983186990852118469775
0.20000000000000001110223024625156540423631668090820312500000000000000000000000000
0.05000000000000000277555756156289135105907917022705078125000000000000000000000000
0.00000000000000002220446049250313204106779776964735220582588325435348386438505486
0.10000000000000000555111512312578270211815834045410156250000000000000000000000000
0.00000000000000071054273576010022531416952862871527058642826413931148366032175545
0.10000000000000000555111512312578270211815834045410156250000000000000000000000000
0.01250000000000000069388939039072283776476979255676269531250000000000000000000000
0.00000000000000001110223024625156602053389888482367610291294162717674193219252743
0.00000000000000000277555756156289150513347472120591902572823540679418548304813186
0.10000000000000000555111512312578270211815834045410156250000000000000000000000000
0.10000000000000000555111512312578270211815834045410156250000000000000000000000000
0.01250000000000000069388939039072283776476979255676269531250000000000000000000000
0.00000000000000000555111512312578301026694944241183805145647081358837096609626371
0.40000000000000002220446049250313080847263336181640625000000000000000000000000000
0.40000000000000002220446049250313080847263336181640625000000000000000000000000000
0.00000000000000000555111512312578301026694944241183805145647081358837096609626371
0.00000000000000001110223024625156602053389888482367610291294162717674193219252743
0.00019531250000000001084202172485504434007452800869941711425781250000000000000000
0.00000000000000000555111512312578301026694944241183805145647081358837096609626371
0.00000000000000000277555756156289150513347472120591902572823540679418548304813186
0.00000000000000001110223024625156602053389888482367610291294162717674193219252743
0.00000000000000000277555756156289150513347472120591902572823540679418548304813186
0.00000000000000001110223024625156602053389888482367610291294162717674193219252743
0.00000000000000017763568394002505632854238215717881764660706603482787091508043886
0.00000000000000568434188608080180251335622902972216469142611311449186928257404361
0.00000000000000000555111512312578301026694944241183805145647081358837096609626371
0.00000000000000002220446049250313204106779776964735220582588325435348386438505486
0.00000000000000001110223024625156602053389888482367610291294162717674193219252743
0.00000000000000568434188608080180251335622902972216469142611311449186928257404361
0.00078125000000000004336808689942017736029811203479766845703125000000000000000000
0.00000000000000002220446049250313204106779776964735220582588325435348386438505486
0.00000000000000000277555756156289150513347472120591902572823540679418548304813186
0.00000000000000000277555756156289150513347472120591902572823540679418548304813186
0.00000000000000002220446049250313204106779776964735220582588325435348386438505486
0.00000000000000002220446049250313204106779776964735220582588325435348386438505486
0.00000000000000001110223024625156602053389888482367610291294162717674193219252743
0.00000000000000000277555756156289150513347472120591902572823540679418548304813186
0.00000000000000568434188608080180251335622902972216469142611311449186928257404361
0.00000000000000000555111512312578301026694944241183805145647081358837096609626371
0.05000000000000000277555756156289135105907917022705078125000000000000000000000000
0.10000000000000000555111512312578270211815834045410156250000000000000000000000000
0.40000000000000002220446049250313080847263336181640625000000000000000000000000000
0.00156250000000000008673617379884035472059622406959533691406250000000000000000000
0.00000000000000002220446049250313204106779776964735220582588325435348386438505486
0.20000000000000001110223024625156540423631668090820312500000000000000000000000000
0.40000000000000002220446049250313080847263336181640625000000000000000000000000000
0.40000000000000002220446049250313080847263336181640625000000000000000000000000000
0.00000000000000000277555756156289150513347472120591902572823540679418548304813186
0.00000000000000000277555756156289150513347472120591902572823540679418548304813186
0.00000000000000000277555756156289150513347472120591902572823540679418548304813186
0.00000000000000000277555756156289150513347472120591902572823540679418548304813186
0.00000000000002273736754432320721005342491611888865876570445245796747713029617444
0.00078125000000000004336808689942017736029811203479766845703125000000000000000000
0.00000000000000001110223024625156602053389888482367610291294162717674193219252743
0.20000000000000001110223024625156540423631668090820312500000000000000000000000000
0.10000000000000000555111512312578270211815834045410156250000000000000000000000000
0.00000000000000002220446049250313204106779776964735220582588325435348386438505486
0.00000000000000001110223024625156602053389888482367610291294162717674193219252743
0.05000000000000000277555756156289135105907917022705078125000000000000000000000000
0.00009765625000000000542101086242752217003726400434970855712890625000000000000000
0.00000000000000001110223024625156602053389888482367610291294162717674193219252743
0.00000000000000017763568394002505632854238215717881764660706603482787091508043886
0.00000000000000002220446049250313204106779776964735220582588325435348386438505486
0.00009765625000000000542101086242752217003726400434970855712890625000000000000000
0.02500000000000000138777878078144567552953958511352539062500000000000000000000000
0.40000000000000002220446049250313080847263336181640625000000000000000000000000000
0.02500000000000000138777878078144567552953958511352539062500000000000000000000000
0.00000000000000000277555756156289150513347472120591902572823540679418548304813186
0.05000000000000000277555756156289135105907917022705078125000000000000000000000000
0.00078125000000000004336808689942017736029811203479766845703125000000000000000000
0.02500000000000000138777878078144567552953958511352539062500000000000000000000000
0.00000000000000071054273576010022531416952862871527058642826413931148366032175545
0.00000000000000000277555756156289150513347472120591902572823540679418548304813186
0.00000000000009094947017729282884021369966447555463506281780983186990852118469775
0.00000000000000000277555756156289150513347472120591902572823540679418548304813186
0.10000000000000000555111512312578270211815834045410156250000000000000000000000000
0.00000000000000001110223024625156602053389888482367610291294162717674193219252743
0.05000000000000000277555756156289135105907917022705078125000000000000000000000000
0.00000000000000001110223024625156602053389888482367610291294162717674193219252743
0.00312500000000000017347234759768070944119244813919067382812500000000000000000000
0.40000000000000002220446049250313080847263336181640625000000000000000000000000000
0.40000000000000002220446049250313080847263336181640625000000000000000000000000000
0.00000000000009094947017729282884021369966447555463506281780983186990852118469775
0.40000000000000002220446049250313080847263336181640625000000000000000000000000000
0.00000000000000000277555756156289150513347472120591902572823540679418548304813186
0.00000000000000004440892098500626408213559553929470441165176650870696772877010972
0.02500000000000000138777878078144567552953958511352539062500000000000000000000000
0.10000000000000000555111512312578270211815834045410156250000000000000000000000000
0.20000000000000001110223024625156540423631668090820312500000000000000000000000000
0.40000000000000002220446049250313080847263336181640625000000000000000000000000000
0.05000000000000000277555756156289135105907917022705078125000000000000000000000000
0.00000000000000568434188608080180251335622902972216469142611311449186928257404361
0.00000000000000000555111512312578301026694944241183805145647081358837096609626371
0.20000000000000001110223024625156540423631668090820312500000000000000000000000000
0.00000000000000000277555756156289150513347472120591902572823540679418548304813186
0.00000000000000000555111512312578301026694944241183805145647081358837096609626371
0.00000000000009094947017729282884021369966447555463506281780983186990852118469775
0.40000000000000002220446049250313080847263336181640625000000000000000000000000000
0.20000000000000001110223024625156540423631668090820312500000000000000000000000000
0.20000000000000001110223024625156540423631668090820312500000000000000000000000000
0.10000000000000000555111512312578270211815834045410156250000000000000000000000000
0.20000000000000001110223024625156540423631668090820312500000000000000000000000000
0.40000000000000002220446049250313080847263336181640625000000000000000000000000000
0.05000000000000000277555756156289135105907917022705078125000000000000000000000000
0.20000000000000001110223024625156540423631668090820312500000000000000000000000000
0.40000000000000002220446049250313080847263336181640625000000000000000000000000000
0.00000000000000000277555756156289150513347472120591902572823540679418548304813186
0.20000000000000001110223024625156540423631668090820312500000000000000000000000000
0.00000000000000001110223024625156602053389888482367610291294162717674193219252743
0.10000000000000000555111512312578270211815834045410156250000000000000000000000000
0.00000000000000000555111512312578301026694944241183805145647081358837096609626371
0.00000000000000568434188608080180251335622902972216469142611311449186928257404361
0.00000000000000568434188608080180251335622902972216469142611311449186928257404361
0.10000000000000000555111512312578270211815834045410156250000000000000000000000000
0.10000000000000000555111512312578270211815834045410156250000000000000000000000000
0.20000000000000001110223024625156540423631668090820312500000000000000000000000000
0.00002441406250000000135525271560688054250931600108742713928222656250000000000000
0.40000000000000002220446049250313080847263336181640625000000000000000000000000000
0.05000000000000000277555756156289135105907917022705078125000000000000000000000000
0.02500000000000000138777878078144567552953958511352539062500000000000000000000000
0.00000000000000001110223024625156602053389888482367610291294162717674193219252743
0.02500000000000000138777878078144567552953958511352539062500000000000000000000000
0.00000000000000002220446049250313204106779776964735220582588325435348386438505486
0.00000000000009094947017729282884021369966447555463506281780983186990852118469775
0.00000000000000000277555756156289150513347472120591902572823540679418548304813186
0.40000000000000002220446049250313080847263336181640625000000000000000000000000000
0.10000000000000000555111512312578270211815834045410156250000000000000000000000000
0.02500000000000000138777878078144567552953958511352539062500000000000000000000000
0.01250000000000000069388939039072283776476979255676269531250000000000000000000000
0.00000000000000000555111512312578301026694944241183805145647081358837096609626371
0.00000000000000000555111512312578301026694944241183805145647081358837096609626371
0.00000000000009094947017729282884021369966447555463506281780983186990852118469775
0.02500000000000000138777878078144567552953958511352539062500000000000000000000000
0.40000000000000002220446049250313080847263336181640625000000000000000000000000000
0.00000000000009094947017729282884021369966447555463506281780983186990852118469775
0.00000000000000000555111512312578301026694944241183805145647081358837096609626371
0.00000000000018189894035458565768042739932895110927012563561966373981704236939549
0.02500000000000000138777878078144567552953958511352539062500000000000000000000000
0.00000000000000017763568394002505632854238215717881764660706603482787091508043886
0.00000000000000002220446049250313204106779776964735220582588325435348386438505486
0.00000000000000002220446049250313204106779776964735220582588325435348386438505486
0.00000152587890625000008470329472543003390683225006796419620513916015625000000000
0.00000000000000008881784197001252816427119107858940882330353301741393545754021943
0.00000000000000004440892098500626408213559553929470441165176650870696772877010972
0.02500000000000000138777878078144567552953958511352539062500000000000000000000000
0.00000000000000008881784197001252816427119107858940882330353301741393545754021943
0.10000000000000000555111512312578270211815834045410156250000000000000000000000000
0.00000000000000001110223024625156602053389888482367610291294162717674193219252743
0.40000000000000002220446049250313080847263336181640625000000000000000000000000000
0.20000000000000001110223024625156540423631668090820312500000000000000000000000000
0.00000000000002273736754432320721005342491611888865876570445245796747713029617444
0.20000000000000001110223024625156540423631668090820312500000000000000000000000000
0.00000000000000002220446049250313204106779776964735220582588325435348386438505486
0.10000000000000000555111512312578270211815834045410156250000000000000000000000000
0.20000000000000001110223024625156540423631668090820312500000000000000000000000000
0.10000000000000000555111512312578270211815834045410156250000000000000000000000000
0.10000000000000000555111512312578270211815834045410156250000000000000000000000000
0.00000000000000000277555756156289150513347472120591902572823540679418548304813186
0.00000000000000000555111512312578301026694944241183805145647081358837096609626371
0.01250000000000000069388939039072283776476979255676269531250000000000000000000000
0.00000000000000002220446049250313204106779776964735220582588325435348386438505486
0.20000000000000001110223024625156540423631668090820312500000000000000000000000000
0.00000000000000000277555756156289150513347472120591902572823540679418548304813186
0.10000000000000000555111512312578270211815834045410156250000000000000000000000000
0.00000000000000000555111512312578301026694944241183805145647081358837096609626371
0.00000000000000001110223024625156602053389888482367610291294162717674193219252743
0.00000000000000000555111512312578301026694944241183805145647081358837096609626371
0.10000000000000000555111512312578270211815834045410156250000000000000000000000000
0.10000000000000000555111512312578270211815834045410156250000000000000000000000000
0.00000000000000001110223024625156602053389888482367610291294162717674193219252743
0.00625000000000000034694469519536141888238489627838134765625000000000000000000000
0.00000000000000000555111512312578301026694944241183805145647081358837096609626371
0.20000000000000001110223024625156540423631668090820312500000000000000000000000000
0.00000000000000000555111512312578301026694944241183805145647081358837096609626371
0.00039062500000000002168404344971008868014905601739883422851562500000000000000000
0.00000000000000002220446049250313204106779776964735220582588325435348386438505486
0.00625000000000000034694469519536141888238489627838134765625000000000000000000000
0.10000000000000000555111512312578270211815834045410156250000000000000000000000000
0.00000000000000001110223024625156602053389888482367610291294162717674193219252743
0.00000000000009094947017729282884021369966447555463506281780983186990852118469775
0.10000000000000000555111512312578270211815834045410156250000000000000000000000000
0.00000000000009094947017729282884021369966447555463506281780983186990852118469775
0.00000000000000000555111512312578301026694944241183805145647081358837096609626371
0.10000000000000000555111512312578270211815834045410156250000000000000000000000000
0.05000000000000000277555756156289135105907917022705078125000000000000000000000000
0.00000000000000000555111512312578301026694944241183805145647081358837096609626371
0.00000000000000000555111512312578301026694944241183805145647081358837096609626371
0.02500000000000000138777878078144567552953958511352539062500000000000000000000000
0.20000000000000001110223024625156540423631668090820312500000000000000000000000000
0.20000000000000001110223024625156540423631668090820312500000000000000000000000000
0.20000000000000001110223024625156540423631668090820312500000000000000000000000000
0.10000000000000000555111512312578270211815834045410156250000000000000000000000000
0.10000000000000000555111512312578270211815834045410156250000000000000000000000000
0.00000000000000017763568394002505632854238215717881764660706603482787091508043886
0.00000000000000000555111512312578301026694944241183805145647081358837096609626371
0.20000000000000001110223024625156540423631668090820312500000000000000000000000000
0.01250000000000000069388939039072283776476979255676269531250000000000000000000000
0.00000000000009094947017729282884021369966447555463506281780983186990852118469775
0.00000000000000000277555756156289150513347472120591902572823540679418548304813186
0.10000000000000000555111512312578270211815834045410156250000000000000000000000000
0.00000000000000001110223024625156602053389888482367610291294162717674193219252743
0.05000000000000000277555756156289135105907917022705078125000000000000000000000000
0.00000000000000001110223024625156602053389888482367610291294162717674193219252743
0.00312500000000000017347234759768070944119244813919067382812500000000000000000000
0.40000000000000002220446049250313080847263336181640625000000000000000000000000000
0.40000000000000002220446049250313080847263336181640625000000000000000000000000000
0.00000000000009094947017729282884021369966447555463506281780983186990852118469775
0.40000000000000002220446049250313080847263336181640625000000000000000000000000000
0.00000000000000000277555756156289150513347472120591902572823540679418548304813186
