1.909314e-04 6.819552e-05 3.730239e-03
1.745219e-04 7.162354e-05 3.917749e-03
1.894072e-04 7.425014e-05 4.061422e-03
1.859981e-04 7.496681e-05 4.100623e-03
1.993087e-04 7.902150e-05 4.322411e-03
1.646086e-04 8.084895e-05 4.422371e-03
2.007009e-04 8.493625e-05 4.645943e-03
1.790616e-04 8.537753e-05 4.670081e-03
1.894299e-04 7.475701e-05 4.089147e-03
1.831896e-04 8.076632e-05 4.417851e-03
2.046935e-04 7.919613e-05 4.331963e-03
1.855411e-04 9.580091e-05 5.240231e-03
1.927228e-04 8.146164e-05 4.455885e-03
1.894142e-04 9.129604e-05 4.993818e-03
1.838963e-04 6.973627e-05 3.814516e-03
1.702559e-04 7.390464e-05 4.042523e-03
1.981386e-04 7.992330e-05 4.371739e-03
1.791246e-04 7.416623e-05 4.056832e-03
1.868211e-04 7.321875e-05 4.005005e-03
1.715373e-04 7.660736e-05 4.190360e-03
1.848963e-04 7.750886e-05 4.239671e-03
2.087638e-04 7.827763e-05 4.281722e-03
1.732656e-04 7.810380e-05 4.272214e-03
1.806807e-04 8.653778e-05 4.733545e-03
1.826044e-04 8.523772e-05 4.662433e-03
1.971494e-04 7.357912e-05 4.024717e-03
1.735754e-04 6.700867e-05 3.665319e-03
1.775200e-04 8.194038e-05 4.482071e-03
1.909156e-04 7.665844e-05 4.193154e-03
1.969437e-04 8.568011e-05 4.686631e-03
