3.710641e-04 2.943360e-04 6.581553e-03
3.576820e-04 2.930976e-04 6.553861e-03
3.248968e-04 3.182582e-04 7.116470e-03
3.735771e-04 3.004396e-04 6.718033e-03
4.060058e-04 3.019086e-04 6.750881e-03
4.267792e-04 3.192036e-04 7.137610e-03
3.814079e-04 3.033172e-04 6.782378e-03
3.532607e-04 3.261381e-04 7.292671e-03
3.552704e-04 3.131021e-04 7.001175e-03
3.822241e-04 3.009766e-04 6.730042e-03
3.290768e-04 2.944805e-04 6.584784e-03
5.514749e-04 3.397291e-04 7.596574e-03
3.497975e-04 2.911454e-04 6.510209e-03
3.341932e-04 2.804004e-04 6.269943e-03
3.161496e-04 2.881784e-04 6.443865e-03
3.798368e-04 3.021916e-04 6.757210e-03
3.394304e-04 2.878593e-04 6.436729e-03
4.221905e-04 3.196907e-04 7.148501e-03
4.175338e-04 3.076067e-04 6.878294e-03
5.065677e-04 3.445916e-04 7.705303e-03
3.434484e-04 3.014699e-04 6.741071e-03
3.226513e-04 2.812185e-04 6.288236e-03
3.787389e-04 3.041438e-04 6.800862e-03
3.513893e-04 3.015144e-04 6.742066e-03
4.285960e-04 3.208936e-04 7.175398e-03
4.084848e-04 2.986136e-04 6.677203e-03
2.514129e-04 2.786194e-04 6.230120e-03
3.949223e-04 3.068980e-04 6.862448e-03
4.269584e-04 3.243405e-04 7.252473e-03
3.929080e-04 3.110041e-04 6.954264e-03
