2.755950e-03 5.387694e-03 6.283077e-02
6.328756e-04 5.918992e-04 6.902672e-03
5.982931e-04 5.935830e-04 6.922308e-03
6.097849e-04 5.640814e-04 6.578263e-03
6.078494e-04 5.369809e-04 6.262219e-03
5.933884e-04 5.574027e-04 6.500376e-03
6.081898e-04 4.391091e-03 5.120848e-02
6.294783e-04 8.955495e-04 1.044381e-02
6.359086e-04 5.524325e-04 6.442415e-03
6.329289e-04 6.035233e-04 7.038231e-03
6.547011e-04 5.772252e-04 6.731544e-03
9.847883e-04 5.558877e-03 6.482709e-02
6.975585e-03 6.104880e-03 7.119453e-02
5.994281e-04 5.456752e-04 6.363611e-03
6.172120e-04 1.162258e-03 1.355414e-02
6.512196e-04 6.112053e-04 7.127817e-03
6.766966e-03 6.098972e-03 7.112563e-02
5.853577e-04 5.606234e-04 6.537936e-03
6.873176e-04 1.862308e-03 2.171806e-02
7.525290e-04 3.580939e-03 4.176056e-02
4.533884e-03 7.486317e-03 8.730471e-02
6.613200e-04 5.833327e-04 6.802770e-03
6.291954e-04 1.849369e-03 2.156716e-02
8.379679e-04 4.035536e-03 4.706203e-02
5.930654e-04 5.259272e-04 6.133312e-03
8.400942e-04 3.171983e-03 3.699136e-02
6.044749e-04 6.072772e-04 7.082008e-03
6.092036e-04 6.007840e-04 7.006285e-03
5.939929e-04 5.291891e-04 6.171352e-03
5.722271e-03 5.653619e-03 6.593196e-02
