1.324801e-02 1.081286e-02 1.324801e-01
1.290757e-02 1.072856e-02 1.290757e-01
1.810101e-02 1.416047e-02 1.810101e-01
1.216747e-02 1.129578e-02 1.317303e-01
1.645240e-02 1.220660e-02 1.645240e-01
1.689338e-02 1.393916e-02 1.689338e-01
1.318500e-02 9.731201e-03 1.318500e-01
1.658940e-02 1.218238e-02 1.658940e-01
1.723219e-02 1.268165e-02 1.723219e-01
1.279604e-02 1.080473e-02 1.279604e-01
1.645188e-02 1.295193e-02 1.645188e-01
1.751180e-02 1.280026e-02 1.751180e-01
1.606545e-02 1.284810e-02 1.606545e-01
1.277248e-02 1.100150e-02 1.282984e-01
8.668083e-03 8.684149e-03 1.012737e-01
9.102531e-03 9.318591e-03 1.086725e-01
1.555578e-02 1.259510e-02 1.555578e-01
1.238409e-02 1.024193e-02 1.238409e-01
1.265112e-02 9.601312e-03 1.265112e-01
1.918082e-02 1.380336e-02 1.918082e-01
1.172085e-02 1.005968e-02 1.173150e-01
1.338805e-02 1.148664e-02 1.339561e-01
1.346890e-02 1.138203e-02 1.346890e-01
1.561595e-02 1.277627e-02 1.561595e-01
2.352106e-02 1.507039e-02 2.352106e-01
1.578647e-02 1.137983e-02 1.578647e-01
1.420484e-02 1.127136e-02 1.420484e-01
1.405067e-02 1.172109e-02 1.405067e-01
1.357180e-02 1.145317e-02 1.357180e-01
1.801962e-02 1.312487e-02 1.801962e-01
