1.995922e-04 2.438214e-04
2.361204e-04 2.755155e-04
2.721848e-04 2.659980e-04
2.810376e-04 2.763379e-04
2.800231e-04 2.478679e-04
3.800003e-04 2.691074e-04
2.717929e-04 2.645015e-04
3.001442e-04 2.844391e-04
2.403617e-04 2.498108e-04
1.858985e-04 2.589180e-04
3.031243e-04 2.656735e-04
2.679916e-04 2.658981e-04
2.877366e-04 2.598142e-04
2.834246e-04 2.518301e-04
2.850826e-04 2.645991e-04
2.656009e-04 2.614611e-04
3.986038e-04 2.991144e-04
2.595391e-04 2.623733e-04
2.883261e-04 2.532603e-04
3.190053e-04 2.812158e-04
3.020527e-04 2.652520e-04
2.181807e-04 2.477199e-04
2.381168e-04 2.522248e-04
3.209654e-04 2.540688e-04
2.936369e-04 2.537772e-04
2.930061e-04 2.649415e-04
3.001979e-04 2.664005e-04
2.374787e-04 2.553584e-04
2.428685e-04 2.666466e-04
2.691126e-04 2.610333e-04
