4.200615e-04 3.674271e-04
4.998327e-04 4.213921e-04
4.577173e-04 3.776570e-04
4.311812e-04 3.869315e-04
4.794068e-04 3.862867e-04
4.017814e-04 3.747290e-04
4.719939e-04 4.117215e-04
5.086628e-04 3.865229e-04
3.990492e-04 4.220407e-04
4.810475e-04 3.969060e-04
4.880068e-04 3.857994e-04
4.835250e-04 4.323314e-04
5.010424e-04 4.224726e-04
3.925581e-04 3.988107e-04
4.744556e-04 3.878029e-04
4.870565e-04 4.039621e-04
4.704506e-04 3.735261e-04
5.282951e-04 4.316017e-04
5.152628e-04 3.831727e-04
4.299951e-04 3.902242e-04
4.890025e-04 3.752062e-04
4.838154e-04 4.243400e-04
3.801414e-04 3.721618e-04
5.270103e-04 4.141049e-04
4.562397e-04 3.753748e-04
4.866134e-04 3.948382e-04
4.197865e-04 3.679097e-04
4.387164e-04 3.951360e-04
5.302608e-04 4.035491e-04
4.330091e-04 3.973741e-04
