6.467973e-04 4.724140e-04
1.187606e-03 8.517715e-04
5.502442e-04 4.025231e-04
6.662692e-04 5.079965e-04
4.881316e-04 3.847975e-04
5.620533e-04 4.740236e-04
5.955685e-04 5.072708e-04
6.649472e-04 5.256735e-04
2.620821e-03 4.203266e-04
5.800909e-04 4.356679e-04
5.783106e-04 4.440461e-04
5.710633e-04 4.577215e-04
5.099232e-04 4.340825e-04
7.489619e-04 5.560984e-04
7.760950e-04 5.149138e-04
7.682698e-04 6.069116e-04
7.638026e-04 5.506129e-04
8.487716e-04 5.651391e-04
4.812060e-04 4.273215e-04
6.548909e-04 4.969923e-04
7.464023e-04 6.018516e-04
6.019854e-04 4.646852e-04
9.097280e-04 6.913501e-04
4.892509e-04 4.132721e-04
7.204086e-04 5.960869e-04
5.880900e-04 4.489722e-04
6.717970e-04 5.474949e-04
5.920961e-04 4.700883e-04
5.811266e-04 4.905145e-04
5.298617e-04 3.962013e-04
