3.726501e-03 5.389600e-03 6.285300e-02
1.846210e-03 1.953260e-03 2.277873e-02
2.121534e-03 4.446873e-03 5.185900e-02
6.914796e-02 4.050754e-02 6.914796e-01
3.526379e-02 2.062566e-02 3.526379e-01
2.898019e-03 2.627825e-03 3.064545e-02
6.855275e-03 4.837697e-03 6.855275e-02
1.110030e-02 8.962713e-03 1.110030e-01
2.981964e-02 2.450875e-02 2.981964e-01
2.144654e-03 3.591753e-03 4.188668e-02
7.456596e-02 4.240369e-02 7.456596e-01
1.123670e-02 1.020900e-02 1.190564e-01
8.994800e-03 9.683759e-03 1.129311e-01
7.006477e-02 3.344667e-02 7.006477e-01
7.865726e-03 9.010859e-03 1.050838e-01
8.363330e-03 8.000308e-03 9.329882e-02
8.055291e-03 6.465028e-03 8.055291e-02
4.821819e-03 2.390432e-03 4.821819e-02
1.194832e-02 1.345199e-02 1.568758e-01
5.848812e-03 8.470652e-03 9.878393e-02
2.991795e-03 3.510035e-03 4.093369e-02
3.677765e-03 3.965519e-03 4.624551e-02
5.063285e-03 5.413973e-03 6.313723e-02
7.318491e-03 7.821027e-03 9.120807e-02
7.420155e-03 8.259106e-03 9.631690e-02
1.183965e-03 1.239990e-03 1.446064e-02
1.087524e-03 1.876561e-03 2.188427e-02
7.602980e-03 5.021434e-03 7.602980e-02
2.340334e-03 2.843905e-03 3.316535e-02
8.716127e-03 6.550363e-03 8.716127e-02
