2.736674e-02 1.201343e-02 2.736674e-01
1.416424e-02 9.845813e-03 1.416424e-01
1.638910e-02 1.158643e-02 1.638910e-01
1.726752e-03 1.439768e-02 2.036140e-01
3.321096e-03 2.277921e-03 3.321096e-02
3.232970e-02 4.085037e-02 5.777114e-01
7.866839e-02 4.887702e-02 7.866839e-01
1.652801e-02 1.127769e-02 1.652801e-01
1.865883e-03 1.210466e-02 1.711857e-01
8.558222e-02 4.688686e-02 8.558222e-01
6.655604e-03 4.518767e-03 6.655604e-02
1.523731e-02 1.044694e-02 1.523731e-01
1.571998e-02 9.900878e-03 1.571998e-01
2.688779e-02 1.182972e-02 2.688779e-01
7.943465e-03 2.813421e-03 7.943465e-02
2.237615e-03 9.591634e-04 2.237615e-02
2.288952e-03 1.778138e-03 2.514667e-02
2.405939e-02 1.984343e-02 2.806285e-01
4.481650e-02 3.968259e-02 5.611966e-01
3.205599e-02 1.426627e-02 3.205599e-01
1.192132e-03 8.401592e-04 1.192132e-02
4.842799e-02 3.138781e-02 4.842799e-01
4.577946e-03 3.543983e-03 5.011949e-02
1.795560e-02 8.651287e-03 1.795560e-01
2.024323e-02 2.087884e-02 2.952715e-01
2.353669e-02 8.080198e-03 2.353669e-01
2.154176e-02 1.555393e-02 2.199657e-01
3.788145e-02 1.467932e-02 3.788145e-01
1.539731e-03 1.650841e-02 2.334642e-01
2.947224e-02 2.652171e-02 3.750736e-01
