2.733628e-02 1.459009e-02 2.733628e-01
2.847409e-02 4.354033e-02 6.157533e-01
1.499254e-02 6.275872e-03 1.499254e-01
1.859283e-02 1.397081e-02 1.975771e-01
7.761489e-02 5.567681e-02 7.873890e-01
3.282084e-02 2.317509e-02 3.282084e-01
7.423699e-02 7.070689e-02 9.999464e-01
3.652609e-02 3.708465e-02 5.244561e-01
3.091437e-02 4.632071e-02 6.550737e-01
1.834483e-02 2.460431e-02 3.479575e-01
2.228977e-02 1.399107e-02 2.228977e-01
1.995906e-02 3.040408e-02 4.299787e-01
2.635796e-03 2.499703e-03 3.535113e-02
5.641277e-02 5.898841e-02 8.342222e-01
1.315255e-01 2.689323e-02 1.315255e+00
3.082342e-02 2.932109e-02 4.146628e-01
4.119753e-02 3.096634e-02 4.379302e-01
2.633999e-03 7.105444e-03 1.004862e-01
3.044544e-02 1.914879e-02 3.044544e-01
5.792185e-02 2.535670e-02 5.792185e-01
5.437347e-02 3.923318e-02 5.548410e-01
1.095241e-01 1.530222e-02 1.095241e+00
3.385861e-02 3.434888e-02 4.857665e-01
5.794349e-02 5.110688e-02 7.227604e-01
8.562904e-02 6.563296e-02 9.281903e-01
2.143459e-02 3.639678e-02 5.147282e-01
4.600050e-02 2.818679e-02 4.600050e-01
3.073136e-02 4.460545e-02 6.308163e-01
1.787135e-02 1.109720e-02 1.787135e-01
3.582421e-03 2.166625e-02 3.064070e-01
