7.199823e-04 6.251853e-04 7.290851e-03
5.835822e-04 5.384366e-04 6.279196e-03
6.328811e-04 5.814488e-04 6.780799e-03
6.837356e-04 5.752947e-04 6.837356e-03
6.536528e-04 5.247370e-04 6.536528e-03
7.002274e-04 5.823852e-04 7.002274e-03
6.529613e-04 5.939215e-04 6.926256e-03
5.983664e-04 5.654090e-04 6.593746e-03
6.949811e-04 5.525734e-04 6.949811e-03
6.195149e-04 5.328155e-04 6.213643e-03
5.783659e-04 5.641927e-04 6.579561e-03
6.248612e-04 5.380930e-04 6.275189e-03
6.592227e-04 5.504397e-04 6.592227e-03
6.771427e-04 5.638054e-04 6.771427e-03
6.648455e-04 6.040397e-04 7.044253e-03
6.352112e-04 5.970863e-04 6.963163e-03
6.378325e-04 6.072296e-04 7.081453e-03
6.267961e-04 6.222905e-04 7.257092e-03
6.327012e-04 5.723063e-04 6.674181e-03
6.281185e-04 5.951732e-04 6.940852e-03
6.636650e-04 5.718275e-04 6.668597e-03
6.362906e-04 5.411409e-04 6.362906e-03
6.937874e-04 6.162876e-04 7.187087e-03
6.561989e-04 5.517605e-04 6.561989e-03
6.017242e-04 5.325054e-04 6.210027e-03
6.616303e-04 6.009029e-04 7.007672e-03
6.527273e-04 6.212767e-04 7.245269e-03
6.924380e-04 6.061285e-04 7.068612e-03
6.374490e-04 5.539362e-04 6.459950e-03
6.856999e-04 5.652572e-04 6.856999e-03
