7.307426e-04 6.242713e-04 7.307426e-03
6.135643e-04 5.534265e-04 6.454007e-03
6.423539e-04 5.682241e-04 6.626575e-03
6.914318e-04 6.118594e-04 7.135446e-03
6.670959e-04 5.628219e-04 6.670959e-03
6.739392e-04 6.092925e-04 7.105510e-03
6.412136e-04 5.645368e-04 6.583574e-03
5.673476e-04 5.553899e-04 6.476904e-03
7.175101e-04 5.622438e-04 7.175101e-03
6.194572e-04 5.164968e-04 6.194572e-03
5.743885e-04 5.615346e-04 6.548562e-03
6.099814e-04 5.672879e-04 6.615656e-03
6.705744e-04 5.988427e-04 6.983647e-03
6.764824e-04 5.889353e-04 6.868107e-03
6.308477e-04 5.544407e-04 6.465835e-03
6.313692e-04 6.351465e-04 7.407017e-03
6.410585e-04 5.808272e-04 6.773551e-03
6.255919e-04 5.622519e-04 6.556928e-03
6.686805e-04 5.957905e-04 6.948052e-03
6.460982e-04 5.863743e-04 6.838241e-03
6.600941e-04 5.855794e-04 6.828971e-03
6.288814e-04 5.374796e-04 6.288814e-03
6.736522e-04 5.966608e-04 6.958200e-03
6.580652e-04 5.698484e-04 6.645517e-03
5.992212e-04 5.427104e-04 6.329036e-03
6.359053e-04 6.090357e-04 7.102516e-03
6.571710e-04 6.124074e-04 7.141837e-03
6.849539e-04 5.876501e-04 6.853119e-03
6.466411e-04 5.941025e-04 6.928366e-03
6.849856e-04 6.285247e-04 7.329795e-03
