1.880792e-02 7.706157e-03 1.880792e-01
1.560797e-02 6.152911e-03 1.560797e-01
1.533488e-02 5.700724e-03 1.533488e-01
1.544395e-02 5.903126e-03 1.544395e-01
1.393431e-02 5.872339e-03 1.393431e-01
1.998066e-02 8.027503e-03 1.998066e-01
1.355592e-02 5.369730e-03 1.355592e-01
1.878195e-02 7.103660e-03 1.878195e-01
1.472269e-02 5.592764e-03 1.472269e-01
1.099413e-02 4.407954e-03 1.099413e-01
1.266934e-02 5.262119e-03 1.266934e-01
1.629452e-02 6.234878e-03 1.629452e-01
2.019098e-02 7.272497e-03 2.019098e-01
2.451002e-02 9.401721e-03 2.451002e-01
1.117276e-02 4.712240e-03 1.117276e-01
1.363671e-02 5.376643e-03 1.363671e-01
1.459465e-02 5.591969e-03 1.459465e-01
1.294833e-02 5.018643e-03 1.294833e-01
1.404517e-02 5.677991e-03 1.404517e-01
1.843470e-02 7.317113e-03 1.843470e-01
1.552765e-02 5.452195e-03 1.552765e-01
1.386377e-02 5.379312e-03 1.386377e-01
2.121269e-02 8.094507e-03 2.121269e-01
2.290135e-02 8.765550e-03 2.290135e-01
2.343766e-02 9.610603e-03 2.343766e-01
1.709161e-02 6.239102e-03 1.709161e-01
1.202414e-02 4.993678e-03 1.202414e-01
1.707625e-02 6.838544e-03 1.707625e-01
1.549907e-02 5.750197e-03 1.549907e-01
1.562044e-02 6.436157e-03 1.562044e-01
