30.00000000000000000000000000000000000000000000000000000000000000000000000000000000
30.00000000000000000000000000000000000000000000000000000000000000000000000000000000
30.00000000000000000000000000000000000000000000000000000000000000000000000000000000
30.00000000000000000000000000000000000000000000000000000000000000000000000000000000
0.00091552734375000000000000000000000000000000000000000000000000000000000000000000
0.00000000000000002602085213965210641617886722087860107421875000000000000000000000
30.00000000000000000000000000000000000000000000000000000000000000000000000000000000
0.00000000000000002602085213965210641617886722087860107421875000000000000000000000
30.00000000000000000000000000000000000000000000000000000000000000000000000000000000
30.00000000000000000000000000000000000000000000000000000000000000000000000000000000
30.00000000000000000000000000000000000000000000000000000000000000000000000000000000
30.00000000000000000000000000000000000000000000000000000000000000000000000000000000
30.00000000000000000000000000000000000000000000000000000000000000000000000000000000
30.00000000000000000000000000000000000000000000000000000000000000000000000000000000
30.00000000000000000000000000000000000000000000000000000000000000000000000000000000
30.00000000000000000000000000000000000000000000000000000000000000000000000000000000
30.00000000000000000000000000000000000000000000000000000000000000000000000000000000
30.00000000000000000000000000000000000000000000000000000000000000000000000000000000
0.00000000000000002602085213965210641617886722087860107421875000000000000000000000
30.00000000000000000000000000000000000000000000000000000000000000000000000000000000
30.00000000000000000000000000000000000000000000000000000000000000000000000000000000
30.00000000000000000000000000000000000000000000000000000000000000000000000000000000
30.00000000000000000000000000000000000000000000000000000000000000000000000000000000
30.00000000000000000000000000000000000000000000000000000000000000000000000000000000
30.00000000000000000000000000000000000000000000000000000000000000000000000000000000
30.00000000000000000000000000000000000000000000000000000000000000000000000000000000
0.00000000000000002602085213965210641617886722087860107421875000000000000000000000
30.00000000000000000000000000000000000000000000000000000000000000000000000000000000
30.00000000000000000000000000000000000000000000000000000000000000000000000000000000
30.00000000000000000000000000000000000000000000000000000000000000000000000000000000
0.00000000000000010408340855860842566471546888351440429687500000000000000000000000
30.00000000000000000000000000000000000000000000000000000000000000000000000000000000
30.00000000000000000000000000000000000000000000000000000000000000000000000000000000
30.00000000000000000000000000000000000000000000000000000000000000000000000000000000
30.00000000000000000000000000000000000000000000000000000000000000000000000000000000
0.00000000000000002602085213965210641617886722087860107421875000000000000000000000
0.00366210937500000000000000000000000000000000000000000000000000000000000000000000
30.00000000000000000000000000000000000000000000000000000000000000000000000000000000
30.00000000000000000000000000000000000000000000000000000000000000000000000000000000
30.00000000000000000000000000000000000000000000000000000000000000000000000000000000
30.00000000000000000000000000000000000000000000000000000000000000000000000000000000
30.00000000000000000000000000000000000000000000000000000000000000000000000000000000
0.00000000000000002602085213965210641617886722087860107421875000000000000000000000
30.00000000000000000000000000000000000000000000000000000000000000000000000000000000
30.00000000000000000000000000000000000000000000000000000000000000000000000000000000
30.00000000000000000000000000000000000000000000000000000000000000000000000000000000
30.00000000000000000000000000000000000000000000000000000000000000000000000000000000
30.00000000000000000000000000000000000000000000000000000000000000000000000000000000
30.00000000000000000000000000000000000000000000000000000000000000000000000000000000
0.00000000000000002602085213965210641617886722087860107421875000000000000000000000
30.00000000000000000000000000000000000000000000000000000000000000000000000000000000
30.00000000000000000000000000000000000000000000000000000000000000000000000000000000
30.00000000000000000000000000000000000000000000000000000000000000000000000000000000
0.00011444091796875000000000000000000000000000000000000000000000000000000000000000
30.00000000000000000000000000000000000000000000000000000000000000000000000000000000
0.00000000000000002602085213965210641617886722087860107421875000000000000000000000
0.02929687500000000000000000000000000000000000000000000000000000000000000000000000
0.00000000000000002602085213965210641617886722087860107421875000000000000000000000
30.00000000000000000000000000000000000000000000000000000000000000000000000000000000
0.00000000000000002602085213965210641617886722087860107421875000000000000000000000
30.00000000000000000000000000000000000000000000000000000000000000000000000000000000
30.00000000000000000000000000000000000000000000000000000000000000000000000000000000
30.00000000000000000000000000000000000000000000000000000000000000000000000000000000
30.00000000000000000000000000000000000000000000000000000000000000000000000000000000
30.00000000000000000000000000000000000000000000000000000000000000000000000000000000
0.00000000000000002602085213965210641617886722087860107421875000000000000000000000
30.00000000000000000000000000000000000000000000000000000000000000000000000000000000
30.00000000000000000000000000000000000000000000000000000000000000000000000000000000
30.00000000000000000000000000000000000000000000000000000000000000000000000000000000
30.00000000000000000000000000000000000000000000000000000000000000000000000000000000
30.00000000000000000000000000000000000000000000000000000000000000000000000000000000
30.00000000000000000000000000000000000000000000000000000000000000000000000000000000
30.00000000000000000000000000000000000000000000000000000000000000000000000000000000
30.00000000000000000000000000000000000000000000000000000000000000000000000000000000
30.00000000000000000000000000000000000000000000000000000000000000000000000000000000
0.00000000000000002602085213965210641617886722087860107421875000000000000000000000
30.00000000000000000000000000000000000000000000000000000000000000000000000000000000
30.00000000000000000000000000000000000000000000000000000000000000000000000000000000
30.00000000000000000000000000000000000000000000000000000000000000000000000000000000
30.00000000000000000000000000000000000000000000000000000000000000000000000000000000
30.00000000000000000000000000000000000000000000000000000000000000000000000000000000
30.00000000000000000000000000000000000000000000000000000000000000000000000000000000
30.00000000000000000000000000000000000000000000000000000000000000000000000000000000
30.00000000000000000000000000000000000000000000000000000000000000000000000000000000
30.00000000000000000000000000000000000000000000000000000000000000000000000000000000
30.00000000000000000000000000000000000000000000000000000000000000000000000000000000
30.00000000000000000000000000000000000000000000000000000000000000000000000000000000
30.00000000000000000000000000000000000000000000000000000000000000000000000000000000
30.00000000000000000000000000000000000000000000000000000000000000000000000000000000
30.00000000000000000000000000000000000000000000000000000000000000000000000000000000
30.00000000000000000000000000000000000000000000000000000000000000000000000000000000
30.00000000000000000000000000000000000000000000000000000000000000000000000000000000
30.00000000000000000000000000000000000000000000000000000000000000000000000000000000
30.00000000000000000000000000000000000000000000000000000000000000000000000000000000
0.00732421875000000000000000000000000000000000000000000000000000000000000000000000
0.00000000000000002602085213965210641617886722087860107421875000000000000000000000
0.00000000000000002602085213965210641617886722087860107421875000000000000000000000
30.00000000000000000000000000000000000000000000000000000000000000000000000000000000
30.00000000000000000000000000000000000000000000000000000000000000000000000000000000
30.00000000000000000000000000000000000000000000000000000000000000000000000000000000
30.00000000000000000000000000000000000000000000000000000000000000000000000000000000
30.00000000000000000000000000000000000000000000000000000000000000000000000000000000
0.00000000000000002602085213965210641617886722087860107421875000000000000000000000
30.00000000000000000000000000000000000000000000000000000000000000000000000000000000
0.00000000000000002602085213965210641617886722087860107421875000000000000000000000
0.00000000000000002602085213965210641617886722087860107421875000000000000000000000
30.00000000000000000000000000000000000000000000000000000000000000000000000000000000
30.00000000000000000000000000000000000000000000000000000000000000000000000000000000
30.00000000000000000000000000000000000000000000000000000000000000000000000000000000
0.00183105468750000000000000000000000000000000000000000000000000000000000000000000
30.00000000000000000000000000000000000000000000000000000000000000000000000000000000
30.00000000000000000000000000000000000000000000000000000000000000000000000000000000
30.00000000000000000000000000000000000000000000000000000000000000000000000000000000
30.00000000000000000000000000000000000000000000000000000000000000000000000000000000
30.00000000000000000000000000000000000000000000000000000000000000000000000000000000
30.00000000000000000000000000000000000000000000000000000000000000000000000000000000
30.00000000000000000000000000000000000000000000000000000000000000000000000000000000
30.00000000000000000000000000000000000000000000000000000000000000000000000000000000
0.00000000000000002602085213965210641617886722087860107421875000000000000000000000
30.00000000000000000000000000000000000000000000000000000000000000000000000000000000
0.00005722045898437500000000000000000000000000000000000000000000000000000000000000
30.00000000000000000000000000000000000000000000000000000000000000000000000000000000
30.00000000000000000000000000000000000000000000000000000000000000000000000000000000
30.00000000000000000000000000000000000000000000000000000000000000000000000000000000
30.00000000000000000000000000000000000000000000000000000000000000000000000000000000
0.00000000000000005204170427930421283235773444175720214843750000000000000000000000
0.00000000000000002602085213965210641617886722087860107421875000000000000000000000
0.00045776367187500000000000000000000000000000000000000000000000000000000000000000
0.00366210937500000000000000000000000000000000000000000000000000000000000000000000
30.00000000000000000000000000000000000000000000000000000000000000000000000000000000
30.00000000000000000000000000000000000000000000000000000000000000000000000000000000
0.00000000000000010408340855860842566471546888351440429687500000000000000000000000
30.00000000000000000000000000000000000000000000000000000000000000000000000000000000
30.00000000000000000000000000000000000000000000000000000000000000000000000000000000
30.00000000000000000000000000000000000000000000000000000000000000000000000000000000
30.00000000000000000000000000000000000000000000000000000000000000000000000000000000
30.00000000000000000000000000000000000000000000000000000000000000000000000000000000
30.00000000000000000000000000000000000000000000000000000000000000000000000000000000
0.00000000000000002602085213965210641617886722087860107421875000000000000000000000
0.00732421875000000000000000000000000000000000000000000000000000000000000000000000
30.00000000000000000000000000000000000000000000000000000000000000000000000000000000
0.00000000000000002602085213965210641617886722087860107421875000000000000000000000
0.00000000000000002602085213965210641617886722087860107421875000000000000000000000
30.00000000000000000000000000000000000000000000000000000000000000000000000000000000
30.00000000000000000000000000000000000000000000000000000000000000000000000000000000
0.00732421875000000000000000000000000000000000000000000000000000000000000000000000
30.00000000000000000000000000000000000000000000000000000000000000000000000000000000
30.00000000000000000000000000000000000000000000000000000000000000000000000000000000
30.00000000000000000000000000000000000000000000000000000000000000000000000000000000
30.00000000000000000000000000000000000000000000000000000000000000000000000000000000
30.00000000000000000000000000000000000000000000000000000000000000000000000000000000
30.00000000000000000000000000000000000000000000000000000000000000000000000000000000
30.00000000000000000000000000000000000000000000000000000000000000000000000000000000
30.00000000000000000000000000000000000000000000000000000000000000000000000000000000
30.00000000000000000000000000000000000000000000000000000000000000000000000000000000
30.00000000000000000000000000000000000000000000000000000000000000000000000000000000
30.00000000000000000000000000000000000000000000000000000000000000000000000000000000
30.00000000000000000000000000000000000000000000000000000000000000000000000000000000
30.00000000000000000000000000000000000000000000000000000000000000000000000000000000
0.00366210937500000000000000000000000000000000000000000000000000000000000000000000
30.00000000000000000000000000000000000000000000000000000000000000000000000000000000
30.00000000000000000000000000000000000000000000000000000000000000000000000000000000
30.00000000000000000000000000000000000000000000000000000000000000000000000000000000
30.00000000000000000000000000000000000000000000000000000000000000000000000000000000
30.00000000000000000000000000000000000000000000000000000000000000000000000000000000
30.00000000000000000000000000000000000000000000000000000000000000000000000000000000
30.00000000000000000000000000000000000000000000000000000000000000000000000000000000
30.00000000000000000000000000000000000000000000000000000000000000000000000000000000
30.00000000000000000000000000000000000000000000000000000000000000000000000000000000
30.00000000000000000000000000000000000000000000000000000000000000000000000000000000
30.00000000000000000000000000000000000000000000000000000000000000000000000000000000
30.00000000000000000000000000000000000000000000000000000000000000000000000000000000
30.00000000000000000000000000000000000000000000000000000000000000000000000000000000
30.00000000000000000000000000000000000000000000000000000000000000000000000000000000
0.00000000000000002602085213965210641617886722087860107421875000000000000000000000
30.00000000000000000000000000000000000000000000000000000000000000000000000000000000
30.00000000000000000000000000000000000000000000000000000000000000000000000000000000
30.00000000000000000000000000000000000000000000000000000000000000000000000000000000
30.00000000000000000000000000000000000000000000000000000000000000000000000000000000
0.00366210937500000000000000000000000000000000000000000000000000000000000000000000
30.00000000000000000000000000000000000000000000000000000000000000000000000000000000
30.00000000000000000000000000000000000000000000000000000000000000000000000000000000
30.00000000000000000000000000000000000000000000000000000000000000000000000000000000
30.00000000000000000000000000000000000000000000000000000000000000000000000000000000
30.00000000000000000000000000000000000000000000000000000000000000000000000000000000
30.00000000000000000000000000000000000000000000000000000000000000000000000000000000
30.00000000000000000000000000000000000000000000000000000000000000000000000000000000
30.00000000000000000000000000000000000000000000000000000000000000000000000000000000
30.00000000000000000000000000000000000000000000000000000000000000000000000000000000
0.00000000000000002602085213965210641617886722087860107421875000000000000000000000
30.00000000000000000000000000000000000000000000000000000000000000000000000000000000
30.00000000000000000000000000000000000000000000000000000000000000000000000000000000
30.00000000000000000000000000000000000000000000000000000000000000000000000000000000
30.00000000000000000000000000000000000000000000000000000000000000000000000000000000
0.00000000000000002602085213965210641617886722087860107421875000000000000000000000
30.00000000000000000000000000000000000000000000000000000000000000000000000000000000
30.00000000000000000000000000000000000000000000000000000000000000000000000000000000
30.00000000000000000000000000000000000000000000000000000000000000000000000000000000
30.00000000000000000000000000000000000000000000000000000000000000000000000000000000
30.00000000000000000000000000000000000000000000000000000000000000000000000000000000
0.00000000000000002602085213965210641617886722087860107421875000000000000000000000
30.00000000000000000000000000000000000000000000000000000000000000000000000000000000
30.00000000000000000000000000000000000000000000000000000000000000000000000000000000
30.00000000000000000000000000000000000000000000000000000000000000000000000000000000
30.00000000000000000000000000000000000000000000000000000000000000000000000000000000
30.00000000000000000000000000000000000000000000000000000000000000000000000000000000
30.00000000000000000000000000000000000000000000000000000000000000000000000000000000
30.00000000000000000000000000000000000000000000000000000000000000000000000000000000
30.00000000000000000000000000000000000000000000000000000000000000000000000000000000
0.00000000000000002602085213965210641617886722087860107421875000000000000000000000
30.00000000000000000000000000000000000000000000000000000000000000000000000000000000
30.00000000000000000000000000000000000000000000000000000000000000000000000000000000
0.00000000000000002602085213965210641617886722087860107421875000000000000000000000
30.00000000000000000000000000000000000000000000000000000000000000000000000000000000
30.00000000000000000000000000000000000000000000000000000000000000000000000000000000
30.00000000000000000000000000000000000000000000000000000000000000000000000000000000
30.00000000000000000000000000000000000000000000000000000000000000000000000000000000
0.00366210937500000000000000000000000000000000000000000000000000000000000000000000
0.00366210937500000000000000000000000000000000000000000000000000000000000000000000
30.00000000000000000000000000000000000000000000000000000000000000000000000000000000
30.00000000000000000000000000000000000000000000000000000000000000000000000000000000
30.00000000000000000000000000000000000000000000000000000000000000000000000000000000
30.00000000000000000000000000000000000000000000000000000000000000000000000000000000
30.00000000000000000000000000000000000000000000000000000000000000000000000000000000
30.00000000000000000000000000000000000000000000000000000000000000000000000000000000
30.00000000000000000000000000000000000000000000000000000000000000000000000000000000
30.00000000000000000000000000000000000000000000000000000000000000000000000000000000
30.00000000000000000000000000000000000000000000000000000000000000000000000000000000
30.00000000000000000000000000000000000000000000000000000000000000000000000000000000
0.00366210937500000000000000000000000000000000000000000000000000000000000000000000
0.00732421875000000000000000000000000000000000000000000000000000000000000000000000
30.00000000000000000000000000000000000000000000000000000000000000000000000000000000
30.00000000000000000000000000000000000000000000000000000000000000000000000000000000
30.00000000000000000000000000000000000000000000000000000000000000000000000000000000
0.00000000000000002602085213965210641617886722087860107421875000000000000000000000
0.00000000000000020816681711721685132943093776702880859375000000000000000000000000
30.00000000000000000000000000000000000000000000000000000000000000000000000000000000
30.00000000000000000000000000000000000000000000000000000000000000000000000000000000
30.00000000000000000000000000000000000000000000000000000000000000000000000000000000
30.00000000000000000000000000000000000000000000000000000000000000000000000000000000
30.00000000000000000000000000000000000000000000000000000000000000000000000000000000
30.00000000000000000000000000000000000000000000000000000000000000000000000000000000
30.00000000000000000000000000000000000000000000000000000000000000000000000000000000
0.00000000000000002602085213965210641617886722087860107421875000000000000000000000
30.00000000000000000000000000000000000000000000000000000000000000000000000000000000
30.00000000000000000000000000000000000000000000000000000000000000000000000000000000
30.00000000000000000000000000000000000000000000000000000000000000000000000000000000
0.00732421875000000000000000000000000000000000000000000000000000000000000000000000
0.00732421875000000000000000000000000000000000000000000000000000000000000000000000
30.00000000000000000000000000000000000000000000000000000000000000000000000000000000
0.00000000000000002602085213965210641617886722087860107421875000000000000000000000
30.00000000000000000000000000000000000000000000000000000000000000000000000000000000
0.00000000000000002602085213965210641617886722087860107421875000000000000000000000
30.00000000000000000000000000000000000000000000000000000000000000000000000000000000
30.00000000000000000000000000000000000000000000000000000000000000000000000000000000
30.00000000000000000000000000000000000000000000000000000000000000000000000000000000
30.00000000000000000000000000000000000000000000000000000000000000000000000000000000
30.00000000000000000000000000000000000000000000000000000000000000000000000000000000
30.00000000000000000000000000000000000000000000000000000000000000000000000000000000
0.00000000000000002602085213965210641617886722087860107421875000000000000000000000
0.00000000000000002602085213965210641617886722087860107421875000000000000000000000
30.00000000000000000000000000000000000000000000000000000000000000000000000000000000
30.00000000000000000000000000000000000000000000000000000000000000000000000000000000
30.00000000000000000000000000000000000000000000000000000000000000000000000000000000
30.00000000000000000000000000000000000000000000000000000000000000000000000000000000
0.00000000000000002602085213965210641617886722087860107421875000000000000000000000
30.00000000000000000000000000000000000000000000000000000000000000000000000000000000
30.00000000000000000000000000000000000000000000000000000000000000000000000000000000
30.00000000000000000000000000000000000000000000000000000000000000000000000000000000
30.00000000000000000000000000000000000000000000000000000000000000000000000000000000
0.00000000000000002602085213965210641617886722087860107421875000000000000000000000
30.00000000000000000000000000000000000000000000000000000000000000000000000000000000
0.00000000000000002602085213965210641617886722087860107421875000000000000000000000
30.00000000000000000000000000000000000000000000000000000000000000000000000000000000
30.00000000000000000000000000000000000000000000000000000000000000000000000000000000
30.00000000000000000000000000000000000000000000000000000000000000000000000000000000
0.00366210937500000000000000000000000000000000000000000000000000000000000000000000
0.00000000000000002602085213965210641617886722087860107421875000000000000000000000
30.00000000000000000000000000000000000000000000000000000000000000000000000000000000
0.00000000000000002602085213965210641617886722087860107421875000000000000000000000
0.00000000000000002602085213965210641617886722087860107421875000000000000000000000
30.00000000000000000000000000000000000000000000000000000000000000000000000000000000
30.00000000000000000000000000000000000000000000000000000000000000000000000000000000
30.00000000000000000000000000000000000000000000000000000000000000000000000000000000
0.00000000000000002602085213965210641617886722087860107421875000000000000000000000
30.00000000000000000000000000000000000000000000000000000000000000000000000000000000
30.00000000000000000000000000000000000000000000000000000000000000000000000000000000
0.00045776367187500000000000000000000000000000000000000000000000000000000000000000
30.00000000000000000000000000000000000000000000000000000000000000000000000000000000
30.00000000000000000000000000000000000000000000000000000000000000000000000000000000
30.00000000000000000000000000000000000000000000000000000000000000000000000000000000
30.00000000000000000000000000000000000000000000000000000000000000000000000000000000
30.00000000000000000000000000000000000000000000000000000000000000000000000000000000
30.00000000000000000000000000000000000000000000000000000000000000000000000000000000
30.00000000000000000000000000000000000000000000000000000000000000000000000000000000
30.00000000000000000000000000000000000000000000000000000000000000000000000000000000
0.00000000000000005204170427930421283235773444175720214843750000000000000000000000
0.00000000000000083266726846886740531772375106811523437500000000000000000000000000
0.00732421875000000000000000000000000000000000000000000000000000000000000000000000
30.00000000000000000000000000000000000000000000000000000000000000000000000000000000
0.00732421875000000000000000000000000000000000000000000000000000000000000000000000
30.00000000000000000000000000000000000000000000000000000000000000000000000000000000
30.00000000000000000000000000000000000000000000000000000000000000000000000000000000
30.00000000000000000000000000000000000000000000000000000000000000000000000000000000
0.00732421875000000000000000000000000000000000000000000000000000000000000000000000
30.00000000000000000000000000000000000000000000000000000000000000000000000000000000
30.00000000000000000000000000000000000000000000000000000000000000000000000000000000
30.00000000000000000000000000000000000000000000000000000000000000000000000000000000
0.00000000000000002602085213965210641617886722087860107421875000000000000000000000
0.00000000000000002602085213965210641617886722087860107421875000000000000000000000
30.00000000000000000000000000000000000000000000000000000000000000000000000000000000
30.00000000000000000000000000000000000000000000000000000000000000000000000000000000
30.00000000000000000000000000000000000000000000000000000000000000000000000000000000
30.00000000000000000000000000000000000000000000000000000000000000000000000000000000
30.00000000000000000000000000000000000000000000000000000000000000000000000000000000
0.00000000000000002602085213965210641617886722087860107421875000000000000000000000
0.00000000000000002602085213965210641617886722087860107421875000000000000000000000
30.00000000000000000000000000000000000000000000000000000000000000000000000000000000
0.00000000000000002602085213965210641617886722087860107421875000000000000000000000
30.00000000000000000000000000000000000000000000000000000000000000000000000000000000
30.00000000000000000000000000000000000000000000000000000000000000000000000000000000
30.00000000000000000000000000000000000000000000000000000000000000000000000000000000
30.00000000000000000000000000000000000000000000000000000000000000000000000000000000
30.00000000000000000000000000000000000000000000000000000000000000000000000000000000
30.00000000000000000000000000000000000000000000000000000000000000000000000000000000
30.00000000000000000000000000000000000000000000000000000000000000000000000000000000
30.00000000000000000000000000000000000000000000000000000000000000000000000000000000
0.00000000000000002602085213965210641617886722087860107421875000000000000000000000
30.00000000000000000000000000000000000000000000000000000000000000000000000000000000
30.00000000000000000000000000000000000000000000000000000000000000000000000000000000
0.00000000000000002602085213965210641617886722087860107421875000000000000000000000
30.00000000000000000000000000000000000000000000000000000000000000000000000000000000
30.00000000000000000000000000000000000000000000000000000000000000000000000000000000
30.00000000000000000000000000000000000000000000000000000000000000000000000000000000
0.00000000000000002602085213965210641617886722087860107421875000000000000000000000
0.00000000000000002602085213965210641617886722087860107421875000000000000000000000
0.00000000000000002602085213965210641617886722087860107421875000000000000000000000
30.00000000000000000000000000000000000000000000000000000000000000000000000000000000
30.00000000000000000000000000000000000000000000000000000000000000000000000000000000
0.00000000000000002602085213965210641617886722087860107421875000000000000000000000
30.00000000000000000000000000000000000000000000000000000000000000000000000000000000
30.00000000000000000000000000000000000000000000000000000000000000000000000000000000
30.00000000000000000000000000000000000000000000000000000000000000000000000000000000
30.00000000000000000000000000000000000000000000000000000000000000000000000000000000
0.00000000000000002602085213965210641617886722087860107421875000000000000000000000
30.00000000000000000000000000000000000000000000000000000000000000000000000000000000
30.00000000000000000000000000000000000000000000000000000000000000000000000000000000
30.00000000000000000000000000000000000000000000000000000000000000000000000000000000
30.00000000000000000000000000000000000000000000000000000000000000000000000000000000
30.00000000000000000000000000000000000000000000000000000000000000000000000000000000
30.00000000000000000000000000000000000000000000000000000000000000000000000000000000
30.00000000000000000000000000000000000000000000000000000000000000000000000000000000
30.00000000000000000000000000000000000000000000000000000000000000000000000000000000
30.00000000000000000000000000000000000000000000000000000000000000000000000000000000
30.00000000000000000000000000000000000000000000000000000000000000000000000000000000
30.00000000000000000000000000000000000000000000000000000000000000000000000000000000
0.00000000000000002602085213965210641617886722087860107421875000000000000000000000
30.00000000000000000000000000000000000000000000000000000000000000000000000000000000
30.00000000000000000000000000000000000000000000000000000000000000000000000000000000
30.00000000000000000000000000000000000000000000000000000000000000000000000000000000
30.00000000000000000000000000000000000000000000000000000000000000000000000000000000
30.00000000000000000000000000000000000000000000000000000000000000000000000000000000
30.00000000000000000000000000000000000000000000000000000000000000000000000000000000
0.00366210937500000000000000000000000000000000000000000000000000000000000000000000
30.00000000000000000000000000000000000000000000000000000000000000000000000000000000
30.00000000000000000000000000000000000000000000000000000000000000000000000000000000
30.00000000000000000000000000000000000000000000000000000000000000000000000000000000
30.00000000000000000000000000000000000000000000000000000000000000000000000000000000
0.01464843750000000000000000000000000000000000000000000000000000000000000000000000
30.00000000000000000000000000000000000000000000000000000000000000000000000000000000
30.00000000000000000000000000000000000000000000000000000000000000000000000000000000
0.00366210937500000000000000000000000000000000000000000000000000000000000000000000
0.00000000000000002602085213965210641617886722087860107421875000000000000000000000
30.00000000000000000000000000000000000000000000000000000000000000000000000000000000
30.00000000000000000000000000000000000000000000000000000000000000000000000000000000
0.00000000000000010408340855860842566471546888351440429687500000000000000000000000
30.00000000000000000000000000000000000000000000000000000000000000000000000000000000
30.00000000000000000000000000000000000000000000000000000000000000000000000000000000
30.00000000000000000000000000000000000000000000000000000000000000000000000000000000
30.00000000000000000000000000000000000000000000000000000000000000000000000000000000
30.00000000000000000000000000000000000000000000000000000000000000000000000000000000
30.00000000000000000000000000000000000000000000000000000000000000000000000000000000
30.00000000000000000000000000000000000000000000000000000000000000000000000000000000
30.00000000000000000000000000000000000000000000000000000000000000000000000000000000
30.00000000000000000000000000000000000000000000000000000000000000000000000000000000
0.00732421875000000000000000000000000000000000000000000000000000000000000000000000
30.00000000000000000000000000000000000000000000000000000000000000000000000000000000
30.00000000000000000000000000000000000000000000000000000000000000000000000000000000
30.00000000000000000000000000000000000000000000000000000000000000000000000000000000
0.00000000000000002602085213965210641617886722087860107421875000000000000000000000
0.00000000000000002602085213965210641617886722087860107421875000000000000000000000
30.00000000000000000000000000000000000000000000000000000000000000000000000000000000
30.00000000000000000000000000000000000000000000000000000000000000000000000000000000
30.00000000000000000000000000000000000000000000000000000000000000000000000000000000
30.00000000000000000000000000000000000000000000000000000000000000000000000000000000
30.00000000000000000000000000000000000000000000000000000000000000000000000000000000
30.00000000000000000000000000000000000000000000000000000000000000000000000000000000
30.00000000000000000000000000000000000000000000000000000000000000000000000000000000
30.00000000000000000000000000000000000000000000000000000000000000000000000000000000
30.00000000000000000000000000000000000000000000000000000000000000000000000000000000
30.00000000000000000000000000000000000000000000000000000000000000000000000000000000
0.00000000000000002602085213965210641617886722087860107421875000000000000000000000
30.00000000000000000000000000000000000000000000000000000000000000000000000000000000
30.00000000000000000000000000000000000000000000000000000000000000000000000000000000
30.00000000000000000000000000000000000000000000000000000000000000000000000000000000
30.00000000000000000000000000000000000000000000000000000000000000000000000000000000
30.00000000000000000000000000000000000000000000000000000000000000000000000000000000
30.00000000000000000000000000000000000000000000000000000000000000000000000000000000
0.00000000000000002602085213965210641617886722087860107421875000000000000000000000
30.00000000000000000000000000000000000000000000000000000000000000000000000000000000
30.00000000000000000000000000000000000000000000000000000000000000000000000000000000
30.00000000000000000000000000000000000000000000000000000000000000000000000000000000
30.00000000000000000000000000000000000000000000000000000000000000000000000000000000
0.00000000000000002602085213965210641617886722087860107421875000000000000000000000
0.00000000000000002602085213965210641617886722087860107421875000000000000000000000
0.00732421875000000000000000000000000000000000000000000000000000000000000000000000
30.00000000000000000000000000000000000000000000000000000000000000000000000000000000
0.00732421875000000000000000000000000000000000000000000000000000000000000000000000
30.00000000000000000000000000000000000000000000000000000000000000000000000000000000
30.00000000000000000000000000000000000000000000000000000000000000000000000000000000
0.00000000000000002602085213965210641617886722087860107421875000000000000000000000
30.00000000000000000000000000000000000000000000000000000000000000000000000000000000
30.00000000000000000000000000000000000000000000000000000000000000000000000000000000
30.00000000000000000000000000000000000000000000000000000000000000000000000000000000
30.00000000000000000000000000000000000000000000000000000000000000000000000000000000
0.00000000000000002602085213965210641617886722087860107421875000000000000000000000
30.00000000000000000000000000000000000000000000000000000000000000000000000000000000
30.00000000000000000000000000000000000000000000000000000000000000000000000000000000
30.00000000000000000000000000000000000000000000000000000000000000000000000000000000
30.00000000000000000000000000000000000000000000000000000000000000000000000000000000
0.00732421875000000000000000000000000000000000000000000000000000000000000000000000
30.00000000000000000000000000000000000000000000000000000000000000000000000000000000
30.00000000000000000000000000000000000000000000000000000000000000000000000000000000
30.00000000000000000000000000000000000000000000000000000000000000000000000000000000
30.00000000000000000000000000000000000000000000000000000000000000000000000000000000
0.00000000000000002602085213965210641617886722087860107421875000000000000000000000
0.00000000000000002602085213965210641617886722087860107421875000000000000000000000
0.00732421875000000000000000000000000000000000000000000000000000000000000000000000
30.00000000000000000000000000000000000000000000000000000000000000000000000000000000
0.00000000000000002602085213965210641617886722087860107421875000000000000000000000
30.00000000000000000000000000000000000000000000000000000000000000000000000000000000
30.00000000000000000000000000000000000000000000000000000000000000000000000000000000
30.00000000000000000000000000000000000000000000000000000000000000000000000000000000
30.00000000000000000000000000000000000000000000000000000000000000000000000000000000
30.00000000000000000000000000000000000000000000000000000000000000000000000000000000
0.00183105468750000000000000000000000000000000000000000000000000000000000000000000
30.00000000000000000000000000000000000000000000000000000000000000000000000000000000
30.00000000000000000000000000000000000000000000000000000000000000000000000000000000
30.00000000000000000000000000000000000000000000000000000000000000000000000000000000
0.01464843750000000000000000000000000000000000000000000000000000000000000000000000
30.00000000000000000000000000000000000000000000000000000000000000000000000000000000
30.00000000000000000000000000000000000000000000000000000000000000000000000000000000
30.00000000000000000000000000000000000000000000000000000000000000000000000000000000
30.00000000000000000000000000000000000000000000000000000000000000000000000000000000
30.00000000000000000000000000000000000000000000000000000000000000000000000000000000
30.00000000000000000000000000000000000000000000000000000000000000000000000000000000
0.00000000000000020816681711721685132943093776702880859375000000000000000000000000
30.00000000000000000000000000000000000000000000000000000000000000000000000000000000
30.00000000000000000000000000000000000000000000000000000000000000000000000000000000
0.00000000000000002602085213965210641617886722087860107421875000000000000000000000
0.00000000000000002602085213965210641617886722087860107421875000000000000000000000
30.00000000000000000000000000000000000000000000000000000000000000000000000000000000
30.00000000000000000000000000000000000000000000000000000000000000000000000000000000
30.00000000000000000000000000000000000000000000000000000000000000000000000000000000
30.00000000000000000000000000000000000000000000000000000000000000000000000000000000
30.00000000000000000000000000000000000000000000000000000000000000000000000000000000
30.00000000000000000000000000000000000000000000000000000000000000000000000000000000
30.00000000000000000000000000000000000000000000000000000000000000000000000000000000
30.00000000000000000000000000000000000000000000000000000000000000000000000000000000
30.00000000000000000000000000000000000000000000000000000000000000000000000000000000
30.00000000000000000000000000000000000000000000000000000000000000000000000000000000
30.00000000000000000000000000000000000000000000000000000000000000000000000000000000
7.50000000000000000000000000000000000000000000000000000000000000000000000000000000
30.00000000000000000000000000000000000000000000000000000000000000000000000000000000
30.00000000000000000000000000000000000000000000000000000000000000000000000000000000
30.00000000000000000000000000000000000000000000000000000000000000000000000000000000
0.00000000000000002602085213965210641617886722087860107421875000000000000000000000
30.00000000000000000000000000000000000000000000000000000000000000000000000000000000
0.00000000000000005204170427930421283235773444175720214843750000000000000000000000
0.00000000000000002602085213965210641617886722087860107421875000000000000000000000
0.00000000000000002602085213965210641617886722087860107421875000000000000000000000
30.00000000000000000000000000000000000000000000000000000000000000000000000000000000
30.00000000000000000000000000000000000000000000000000000000000000000000000000000000
30.00000000000000000000000000000000000000000000000000000000000000000000000000000000
30.00000000000000000000000000000000000000000000000000000000000000000000000000000000
30.00000000000000000000000000000000000000000000000000000000000000000000000000000000
30.00000000000000000000000000000000000000000000000000000000000000000000000000000000
30.00000000000000000000000000000000000000000000000000000000000000000000000000000000
30.00000000000000000000000000000000000000000000000000000000000000000000000000000000
30.00000000000000000000000000000000000000000000000000000000000000000000000000000000
30.00000000000000000000000000000000000000000000000000000000000000000000000000000000
0.00732421875000000000000000000000000000000000000000000000000000000000000000000000
30.00000000000000000000000000000000000000000000000000000000000000000000000000000000
30.00000000000000000000000000000000000000000000000000000000000000000000000000000000
30.00000000000000000000000000000000000000000000000000000000000000000000000000000000
30.00000000000000000000000000000000000000000000000000000000000000000000000000000000
0.00000000000000002602085213965210641617886722087860107421875000000000000000000000
0.00183105468750000000000000000000000000000000000000000000000000000000000000000000
30.00000000000000000000000000000000000000000000000000000000000000000000000000000000
30.00000000000000000000000000000000000000000000000000000000000000000000000000000000
30.00000000000000000000000000000000000000000000000000000000000000000000000000000000
30.00000000000000000000000000000000000000000000000000000000000000000000000000000000
30.00000000000000000000000000000000000000000000000000000000000000000000000000000000
0.00000000000000002602085213965210641617886722087860107421875000000000000000000000
30.00000000000000000000000000000000000000000000000000000000000000000000000000000000
30.00000000000000000000000000000000000000000000000000000000000000000000000000000000
30.00000000000000000000000000000000000000000000000000000000000000000000000000000000
0.00000000000000002602085213965210641617886722087860107421875000000000000000000000
30.00000000000000000000000000000000000000000000000000000000000000000000000000000000
30.00000000000000000000000000000000000000000000000000000000000000000000000000000000
30.00000000000000000000000000000000000000000000000000000000000000000000000000000000
30.00000000000000000000000000000000000000000000000000000000000000000000000000000000
30.00000000000000000000000000000000000000000000000000000000000000000000000000000000
0.00000000000000002602085213965210641617886722087860107421875000000000000000000000
30.00000000000000000000000000000000000000000000000000000000000000000000000000000000
30.00000000000000000000000000000000000000000000000000000000000000000000000000000000
30.00000000000000000000000000000000000000000000000000000000000000000000000000000000
0.00000000000000002602085213965210641617886722087860107421875000000000000000000000
30.00000000000000000000000000000000000000000000000000000000000000000000000000000000
30.00000000000000000000000000000000000000000000000000000000000000000000000000000000
0.00045776367187500000000000000000000000000000000000000000000000000000000000000000
30.00000000000000000000000000000000000000000000000000000000000000000000000000000000
30.00000000000000000000000000000000000000000000000000000000000000000000000000000000
30.00000000000000000000000000000000000000000000000000000000000000000000000000000000
30.00000000000000000000000000000000000000000000000000000000000000000000000000000000
30.00000000000000000000000000000000000000000000000000000000000000000000000000000000
30.00000000000000000000000000000000000000000000000000000000000000000000000000000000
30.00000000000000000000000000000000000000000000000000000000000000000000000000000000
30.00000000000000000000000000000000000000000000000000000000000000000000000000000000
