1.399742e-03 1.286347e-03 1.500126e-02
1.186728e-03 1.223966e-03 1.427378e-02
1.529534e-03 1.715535e-03 2.000641e-02
1.292768e-03 1.318741e-03 1.537903e-02
1.568082e-03 1.491593e-03 1.739481e-02
1.518818e-03 1.372192e-03 1.600237e-02
1.261064e-03 1.346329e-03 1.570076e-02
2.004115e-03 2.029919e-03 2.367272e-02
1.635814e-03 1.738834e-03 2.027812e-02
1.211350e-03 1.150378e-03 1.341560e-02
1.169074e-03 1.257068e-03 1.465981e-02
1.458329e-03 1.565427e-03 1.825586e-02
1.854826e-03 1.827558e-03 2.131281e-02
1.529546e-03 1.878365e-03 2.190531e-02
1.054630e-03 1.032437e-03 1.204018e-02
9.491942e-04 1.044305e-03 1.217858e-02
1.683658e-03 1.522047e-03 1.774997e-02
1.029009e-03 1.026044e-03 1.196562e-02
1.140888e-03 1.315388e-03 1.533992e-02
1.461640e-03 1.714665e-03 1.999626e-02
1.367748e-03 1.144167e-03 1.367748e-02
1.421511e-03 1.458142e-03 1.700471e-02
1.271901e-03 1.417830e-03 1.653460e-02
1.719407e-03 1.620862e-03 1.890234e-02
2.078619e-03 1.996908e-03 2.328775e-02
1.288922e-03 1.438322e-03 1.677357e-02
1.109161e-03 1.080219e-03 1.259741e-02
1.371271e-03 1.405043e-03 1.638548e-02
1.427432e-03 1.618726e-03 1.887743e-02
1.633263e-03 1.656036e-03 1.931254e-02
